2026-07-13 06:45:15,037 : INFO : test_VerifyURLAndTitle_001 : 15 : -----Start VerifyURLAndTitle Test Case 1------
2026-07-13 06:45:17,107 : INFO : test_VerifyURLAndTitle_001 : 17 : URL---->https://apps.credence.in/
2026-07-13 06:45:17,122 : INFO : test_VerifyURLAndTitle_001 : 18 : TITLE---->Bank Application
2026-07-16 20:14:41,464 : WARNING : _process_logs : 163 : The chromedriver version (148.0.7778.178) detected in PATH at C:\Users\visha\AppData\Local\Programs\Python\Python314\Scripts\chromedriver.exe might not be compatible with the detected chrome version (150.0.7871.115); currently, chromedriver 150.0.7871.124 is recommended for chrome 150.*, so it is advised to delete the driver in PATH and retry
2026-07-16 20:15:36,926 : INFO : test_Singup_or_createuser_002 : 32 : -----Start test_Singup_or_createuser_002 Test Case 2------
2026-07-16 20:15:36,926 : INFO : test_Singup_or_createuser_002 : 33 : URL---->https://apps.credence.in/User.html
2026-07-16 20:16:47,278 : INFO : test_Singup_or_createuser_002 : 32 : -----Start test_Singup_or_createuser_002 Test Case 2------
2026-07-16 20:16:47,278 : INFO : test_Singup_or_createuser_002 : 33 : URL---->https://apps.credence.in/User.html
2026-07-16 20:16:48,506 : INFO : test_Singup_or_createuser_002 : 37 : username---->murthyagastya
2026-07-16 20:16:48,551 : INFO : test_Singup_or_createuser_002 : 39 : password---->$iro7g$aA5
2026-07-16 20:16:48,600 : INFO : test_Singup_or_createuser_002 : 41 : email---->tanvikhurana@example.net
2026-07-16 20:16:48,657 : INFO : test_Singup_or_createuser_002 : 43 : phone---->08062002834
2026-07-16 20:17:40,643 : INFO : test_Singup_or_createuser_002 : 32 : -----Start test_Singup_or_createuser_002 Test Case 2------
2026-07-16 20:17:40,644 : INFO : test_Singup_or_createuser_002 : 33 : URL---->https://apps.credence.in/User.html
2026-07-16 20:17:42,755 : INFO : test_Singup_or_createuser_002 : 37 : username---->bhanumatisood
2026-07-16 20:17:42,880 : INFO : test_Singup_or_createuser_002 : 39 : password---->!e8OK3iP!&
2026-07-16 20:17:43,016 : INFO : test_Singup_or_createuser_002 : 41 : email---->godaharita@example.com
2026-07-16 20:17:43,136 : INFO : test_Singup_or_createuser_002 : 43 : phone---->+910963772088
2026-07-16 20:20:07,196 : INFO : test_Singup_or_createuser_002 : 32 : -----Start test_Singup_or_createuser_002 Test Case 2------
2026-07-16 20:20:07,197 : INFO : test_Singup_or_createuser_002 : 33 : URL---->https://apps.credence.in/User.html
2026-07-16 20:20:10,416 : INFO : test_Singup_or_createuser_002 : 37 : username---->lavanya65
2026-07-16 20:20:10,490 : INFO : test_Singup_or_createuser_002 : 39 : password---->J%n46AppG*
2026-07-16 20:20:10,599 : INFO : test_Singup_or_createuser_002 : 41 : email---->rajuvyanjana@example.com
2026-07-16 20:20:10,679 : INFO : test_Singup_or_createuser_002 : 43 : phone---->07874797292
2026-07-16 21:23:15,068 : INFO : test_Singup_or_createuser_002 : 30 : -----max row--->11------
2026-07-16 21:23:15,069 : INFO : test_Singup_or_createuser_002 : 31 : -----Start VerifyURLAndTitle Test Case 1------
2026-07-16 21:23:39,289 : INFO : test_Singup_or_createuser_002 : 30 : -----max row--->11------
2026-07-16 21:23:39,290 : INFO : test_Singup_or_createuser_002 : 31 : -----Start VerifyURLAndTitle Test Case 1------
2026-07-16 21:23:39,728 : INFO : test_Singup_or_createuser_002 : 42 : -----Start test_Singup_or_createuser_002 Test Case 2------
2026-07-16 21:23:39,729 : INFO : test_Singup_or_createuser_002 : 43 : URL---->https://apps.credence.in/User.html
2026-07-16 21:24:02,348 : INFO : test_Singup_or_createuser_002 : 47 : username---->ekavirmane
2026-07-16 21:24:02,487 : INFO : test_Singup_or_createuser_002 : 49 : password---->A8E(SiAq&8
2026-07-16 21:24:02,622 : INFO : test_Singup_or_createuser_002 : 51 : email---->vpant@example.net
2026-07-16 21:24:02,731 : INFO : test_Singup_or_createuser_002 : 53 : phone---->05777290023
2026-07-16 21:24:11,006 : INFO : test_Singup_or_createuser_002 : 42 : -----Start test_Singup_or_createuser_002 Test Case 2------
2026-07-16 21:24:11,007 : INFO : test_Singup_or_createuser_002 : 43 : URL---->https://apps.credence.in/User.html
2026-07-16 21:24:13,101 : INFO : test_Singup_or_createuser_002 : 47 : username---->daksh63
2026-07-16 21:24:13,218 : INFO : test_Singup_or_createuser_002 : 49 : password---->!1E_ZupgDB
2026-07-16 21:24:13,357 : INFO : test_Singup_or_createuser_002 : 51 : email---->nicholassani@example.net
2026-07-16 21:24:13,477 : INFO : test_Singup_or_createuser_002 : 53 : phone---->09068029762
2026-07-16 21:24:21,734 : INFO : test_Singup_or_createuser_002 : 42 : -----Start test_Singup_or_createuser_002 Test Case 2------
2026-07-16 21:24:21,735 : INFO : test_Singup_or_createuser_002 : 43 : URL---->https://apps.credence.in/User.html
2026-07-16 21:24:22,446 : INFO : test_Singup_or_createuser_002 : 47 : username---->sarthakbahl
2026-07-16 21:24:22,555 : INFO : test_Singup_or_createuser_002 : 49 : password---->e1L$g2Ut__
2026-07-16 21:24:22,688 : INFO : test_Singup_or_createuser_002 : 51 : email---->mekhalachowdhury@example.org
2026-07-16 21:24:22,816 : INFO : test_Singup_or_createuser_002 : 53 : phone---->5372348439
2026-07-16 21:24:31,117 : INFO : test_Singup_or_createuser_002 : 42 : -----Start test_Singup_or_createuser_002 Test Case 2------
2026-07-16 21:24:31,118 : INFO : test_Singup_or_createuser_002 : 43 : URL---->https://apps.credence.in/User.html
2026-07-16 21:24:31,706 : INFO : test_Singup_or_createuser_002 : 47 : username---->waliaviraj
2026-07-16 21:24:31,968 : INFO : test_Singup_or_createuser_002 : 49 : password---->5W8BL$ebo%
2026-07-16 21:24:32,223 : INFO : test_Singup_or_createuser_002 : 51 : email---->watika84@example.net
2026-07-16 21:24:32,457 : INFO : test_Singup_or_createuser_002 : 53 : phone---->6512333685
2026-07-16 21:24:42,977 : INFO : test_Singup_or_createuser_002 : 42 : -----Start test_Singup_or_createuser_002 Test Case 2------
2026-07-16 21:24:42,977 : INFO : test_Singup_or_createuser_002 : 43 : URL---->https://apps.credence.in/User.html
2026-07-16 21:24:44,424 : INFO : test_Singup_or_createuser_002 : 47 : username---->jsarna
2026-07-16 21:24:44,603 : INFO : test_Singup_or_createuser_002 : 49 : password---->h6Jj4%U9%M
2026-07-16 21:24:44,772 : INFO : test_Singup_or_createuser_002 : 51 : email---->fbaria@example.org
2026-07-16 21:24:44,911 : INFO : test_Singup_or_createuser_002 : 53 : phone---->5919540996
2026-07-16 21:24:53,514 : INFO : test_Singup_or_createuser_002 : 42 : -----Start test_Singup_or_createuser_002 Test Case 2------
2026-07-16 21:24:53,514 : INFO : test_Singup_or_createuser_002 : 43 : URL---->https://apps.credence.in/User.html
2026-07-16 21:24:54,076 : INFO : test_Singup_or_createuser_002 : 47 : username---->takdayamai
2026-07-16 21:24:54,170 : INFO : test_Singup_or_createuser_002 : 49 : password---->_o2TecXky@
2026-07-16 21:24:54,266 : INFO : test_Singup_or_createuser_002 : 51 : email---->wbuch@example.net
2026-07-16 21:24:54,374 : INFO : test_Singup_or_createuser_002 : 53 : phone---->07410688732
2026-07-16 21:25:02,566 : INFO : test_Singup_or_createuser_002 : 42 : -----Start test_Singup_or_createuser_002 Test Case 2------
2026-07-16 21:25:02,566 : INFO : test_Singup_or_createuser_002 : 43 : URL---->https://apps.credence.in/User.html
2026-07-16 21:25:03,194 : INFO : test_Singup_or_createuser_002 : 47 : username---->benjamin02
2026-07-16 21:25:03,296 : INFO : test_Singup_or_createuser_002 : 49 : password---->$5MvbcGpmA
2026-07-16 21:25:03,400 : INFO : test_Singup_or_createuser_002 : 51 : email---->bhagatkamala@example.com
2026-07-16 21:25:03,508 : INFO : test_Singup_or_createuser_002 : 53 : phone---->04121319368
2026-07-16 21:25:12,059 : INFO : test_Singup_or_createuser_002 : 42 : -----Start test_Singup_or_createuser_002 Test Case 2------
2026-07-16 21:25:12,059 : INFO : test_Singup_or_createuser_002 : 43 : URL---->https://apps.credence.in/User.html
2026-07-16 21:25:12,616 : INFO : test_Singup_or_createuser_002 : 47 : username---->krishnayadavi
2026-07-16 21:25:12,726 : INFO : test_Singup_or_createuser_002 : 49 : password---->H7LDzwrm##
2026-07-16 21:25:12,819 : INFO : test_Singup_or_createuser_002 : 51 : email---->christopherravel@example.net
2026-07-16 21:25:12,909 : INFO : test_Singup_or_createuser_002 : 53 : phone---->+918534218648
2026-07-16 21:25:21,116 : INFO : test_Singup_or_createuser_002 : 42 : -----Start test_Singup_or_createuser_002 Test Case 2------
2026-07-16 21:25:21,116 : INFO : test_Singup_or_createuser_002 : 43 : URL---->https://apps.credence.in/User.html
2026-07-16 21:25:21,533 : INFO : test_Singup_or_createuser_002 : 47 : username---->lalabanjeet
2026-07-16 21:25:21,606 : INFO : test_Singup_or_createuser_002 : 49 : password---->ufg8qSi+E)
2026-07-16 21:25:21,675 : INFO : test_Singup_or_createuser_002 : 51 : email---->girindrabhatnagar@example.net
2026-07-16 21:25:21,747 : INFO : test_Singup_or_createuser_002 : 53 : phone---->00991801951
2026-07-16 21:25:29,879 : INFO : test_Singup_or_createuser_002 : 42 : -----Start test_Singup_or_createuser_002 Test Case 2------
2026-07-16 21:25:29,879 : INFO : test_Singup_or_createuser_002 : 43 : URL---->https://apps.credence.in/User.html
2026-07-16 21:25:30,403 : INFO : test_Singup_or_createuser_002 : 47 : username---->utkarsh68
2026-07-16 21:25:30,471 : INFO : test_Singup_or_createuser_002 : 49 : password---->5Cau$5Lifu
2026-07-16 21:25:30,540 : INFO : test_Singup_or_createuser_002 : 51 : email---->yadavishetty@example.org
2026-07-16 21:25:30,614 : INFO : test_Singup_or_createuser_002 : 53 : phone---->0917601073
2026-07-16 21:31:53,668 : INFO : test_Singup_or_createuser_002 : 30 : -----max row--->12------
2026-07-16 21:31:53,669 : INFO : test_Singup_or_createuser_002 : 31 : -----Start VerifyURLAndTitle Test Case 1------
2026-07-16 21:40:30,117 : INFO : test_Singup_or_createuser_002 : 30 : -----max row--->11------
2026-07-16 21:40:30,117 : INFO : test_Singup_or_createuser_002 : 31 : -----Start VerifyURLAndTitle Test Case 1------
2026-07-16 21:40:30,212 : INFO : test_Singup_or_createuser_002 : 46 : -----Start test_Singup_or_createuser_002 Test Case 2------
2026-07-16 21:40:30,212 : INFO : test_Singup_or_createuser_002 : 47 : URL---->https://apps.credence.in/User.html
2026-07-16 21:40:55,990 : INFO : test_Singup_or_createuser_002 : 51 : username---->pkrish
2026-07-16 21:40:56,078 : INFO : test_Singup_or_createuser_002 : 53 : password---->*6XK(jdTyH
2026-07-16 21:40:56,214 : INFO : test_Singup_or_createuser_002 : 55 : email---->edhithasaran@example.org
2026-07-16 21:40:56,292 : INFO : test_Singup_or_createuser_002 : 57 : phone---->06155026025
2026-07-16 21:41:14,572 : INFO : test_Singup_or_createuser_002 : 46 : -----Start test_Singup_or_createuser_002 Test Case 2------
2026-07-16 21:41:14,572 : INFO : test_Singup_or_createuser_002 : 47 : URL---->https://apps.credence.in/User.html
2026-07-16 21:41:29,685 : INFO : test_Singup_or_createuser_002 : 51 : username---->xgoda
2026-07-16 21:41:29,759 : INFO : test_Singup_or_createuser_002 : 53 : password---->VX@K7lbiE_
2026-07-16 21:41:29,841 : INFO : test_Singup_or_createuser_002 : 55 : email---->warda53@example.net
2026-07-16 21:41:29,913 : INFO : test_Singup_or_createuser_002 : 57 : phone---->3570859193
2026-07-16 21:41:48,112 : INFO : test_Singup_or_createuser_002 : 46 : -----Start test_Singup_or_createuser_002 Test Case 2------
2026-07-16 21:41:48,112 : INFO : test_Singup_or_createuser_002 : 47 : URL---->https://apps.credence.in/User.html
2026-07-16 21:41:52,500 : INFO : test_Singup_or_createuser_002 : 51 : username---->pallavisangha
2026-07-16 21:41:52,569 : INFO : test_Singup_or_createuser_002 : 53 : password---->aHEYHq^!@7
2026-07-16 21:41:52,635 : INFO : test_Singup_or_createuser_002 : 55 : email---->tmallick@example.org
2026-07-16 21:41:52,704 : INFO : test_Singup_or_createuser_002 : 57 : phone---->+918736362241
2026-07-16 21:42:10,974 : INFO : test_Singup_or_createuser_002 : 46 : -----Start test_Singup_or_createuser_002 Test Case 2------
2026-07-16 21:42:10,974 : INFO : test_Singup_or_createuser_002 : 47 : URL---->https://apps.credence.in/User.html
2026-07-16 21:42:12,294 : INFO : test_Singup_or_createuser_002 : 51 : username---->bhavna39
2026-07-16 21:42:12,374 : INFO : test_Singup_or_createuser_002 : 53 : password---->Q8MWu$Hz^T
2026-07-16 21:42:12,460 : INFO : test_Singup_or_createuser_002 : 55 : email---->aarinicherian@example.net
2026-07-16 21:42:12,530 : INFO : test_Singup_or_createuser_002 : 57 : phone---->+915999483395
2026-07-16 21:42:30,749 : INFO : test_Singup_or_createuser_002 : 46 : -----Start test_Singup_or_createuser_002 Test Case 2------
2026-07-16 21:42:30,750 : INFO : test_Singup_or_createuser_002 : 47 : URL---->https://apps.credence.in/User.html
2026-07-16 21:42:33,858 : INFO : test_Singup_or_createuser_002 : 51 : username---->mtara
2026-07-16 21:42:33,931 : INFO : test_Singup_or_createuser_002 : 53 : password---->R969Hib&*(
2026-07-16 21:42:34,018 : INFO : test_Singup_or_createuser_002 : 55 : email---->darchaaya@example.org
2026-07-16 21:42:34,092 : INFO : test_Singup_or_createuser_002 : 57 : phone---->1874376348
2026-07-16 21:42:52,322 : INFO : test_Singup_or_createuser_002 : 46 : -----Start test_Singup_or_createuser_002 Test Case 2------
2026-07-16 21:42:52,322 : INFO : test_Singup_or_createuser_002 : 47 : URL---->https://apps.credence.in/User.html
2026-07-16 21:42:55,060 : INFO : test_Singup_or_createuser_002 : 51 : username---->bumbhenry
2026-07-16 21:42:55,139 : INFO : test_Singup_or_createuser_002 : 53 : password---->^sz6*Oqv0G
2026-07-16 21:42:55,208 : INFO : test_Singup_or_createuser_002 : 55 : email---->dashabdul@example.com
2026-07-16 21:42:55,284 : INFO : test_Singup_or_createuser_002 : 57 : phone---->+911288548187
2026-07-16 21:43:13,519 : INFO : test_Singup_or_createuser_002 : 46 : -----Start test_Singup_or_createuser_002 Test Case 2------
2026-07-16 21:43:13,519 : INFO : test_Singup_or_createuser_002 : 47 : URL---->https://apps.credence.in/User.html
2026-07-16 21:43:14,878 : INFO : test_Singup_or_createuser_002 : 51 : username---->yuvrajbatta
2026-07-16 21:43:14,970 : INFO : test_Singup_or_createuser_002 : 53 : password---->Uz0zS%LfT*
2026-07-16 21:43:15,060 : INFO : test_Singup_or_createuser_002 : 55 : email---->henry56@example.com
2026-07-16 21:43:15,153 : INFO : test_Singup_or_createuser_002 : 57 : phone---->06547904020
2026-07-16 21:45:04,780 : INFO : test_Singup_or_createuser_002 : 30 : -----max row--->11------
2026-07-16 21:45:04,781 : INFO : test_Singup_or_createuser_002 : 31 : -----Start VerifyURLAndTitle Test Case 1------
2026-07-16 21:45:05,030 : INFO : test_Singup_or_createuser_002 : 48 : -----Start test_Singup_or_createuser_002 Test Case 2------
2026-07-16 21:45:05,030 : INFO : test_Singup_or_createuser_002 : 49 : URL---->https://apps.credence.in/User.html
2026-07-16 21:45:08,017 : INFO : test_Singup_or_createuser_002 : 53 : username---->amodi
2026-07-16 21:45:08,118 : INFO : test_Singup_or_createuser_002 : 56 : password---->@32Wo%7DCa
2026-07-16 21:45:08,210 : INFO : test_Singup_or_createuser_002 : 58 : email---->eesha53@example.com
2026-07-16 21:45:08,304 : INFO : test_Singup_or_createuser_002 : 60 : phone---->9022804379
2026-07-16 21:45:26,592 : INFO : test_Singup_or_createuser_002 : 48 : -----Start test_Singup_or_createuser_002 Test Case 2------
2026-07-16 21:45:26,592 : INFO : test_Singup_or_createuser_002 : 49 : URL---->https://apps.credence.in/User.html
2026-07-16 21:45:27,616 : INFO : test_Singup_or_createuser_002 : 53 : username---->abhanayak
2026-07-16 21:45:27,675 : INFO : test_Singup_or_createuser_002 : 56 : password---->d#1(BXxd3N
2026-07-16 21:45:27,738 : INFO : test_Singup_or_createuser_002 : 58 : email---->wyatt31@example.org
2026-07-16 21:45:27,800 : INFO : test_Singup_or_createuser_002 : 60 : phone---->7512542734
2026-07-16 21:45:46,020 : INFO : test_Singup_or_createuser_002 : 48 : -----Start test_Singup_or_createuser_002 Test Case 2------
2026-07-16 21:45:46,021 : INFO : test_Singup_or_createuser_002 : 49 : URL---->https://apps.credence.in/User.html
2026-07-16 21:45:46,637 : INFO : test_Singup_or_createuser_002 : 53 : username---->tnatt
2026-07-16 21:45:46,742 : INFO : test_Singup_or_createuser_002 : 56 : password---->Bz2ByiYip%
2026-07-16 21:45:46,845 : INFO : test_Singup_or_createuser_002 : 58 : email---->vanyabose@example.com
2026-07-16 21:45:46,938 : INFO : test_Singup_or_createuser_002 : 60 : phone---->+913758359515
2026-07-16 21:46:05,241 : INFO : test_Singup_or_createuser_002 : 48 : -----Start test_Singup_or_createuser_002 Test Case 2------
2026-07-16 21:46:05,242 : INFO : test_Singup_or_createuser_002 : 49 : URL---->https://apps.credence.in/User.html
2026-07-16 21:46:06,163 : INFO : test_Singup_or_createuser_002 : 53 : username---->pmerchant
2026-07-16 21:46:06,241 : INFO : test_Singup_or_createuser_002 : 56 : password---->H)W8$$PNEv
2026-07-16 21:46:06,334 : INFO : test_Singup_or_createuser_002 : 58 : email---->mangalanika@example.org
2026-07-16 21:46:06,417 : INFO : test_Singup_or_createuser_002 : 60 : phone---->+918397860480
2026-07-16 21:46:24,619 : INFO : test_Singup_or_createuser_002 : 48 : -----Start test_Singup_or_createuser_002 Test Case 2------
2026-07-16 21:46:24,619 : INFO : test_Singup_or_createuser_002 : 49 : URL---->https://apps.credence.in/User.html
2026-07-16 21:46:24,956 : INFO : test_Singup_or_createuser_002 : 53 : username---->kotamugdha
2026-07-16 21:46:25,037 : INFO : test_Singup_or_createuser_002 : 56 : password---->$#83MhryZW
2026-07-16 21:46:25,117 : INFO : test_Singup_or_createuser_002 : 58 : email---->omkaar03@example.org
2026-07-16 21:46:25,204 : INFO : test_Singup_or_createuser_002 : 60 : phone---->+910026368694
2026-07-16 21:46:58,537 : INFO : test_Singup_or_createuser_002 : 30 : -----max row--->11------
2026-07-16 21:46:58,538 : INFO : test_Singup_or_createuser_002 : 31 : -----Start VerifyURLAndTitle Test Case 1------
2026-07-16 21:46:59,103 : INFO : test_Singup_or_createuser_002 : 48 : -----Start test_Singup_or_createuser_002 Test Case 2------
2026-07-16 21:46:59,104 : INFO : test_Singup_or_createuser_002 : 49 : URL---->https://apps.credence.in/User.html
2026-07-16 21:47:10,402 : INFO : test_Singup_or_createuser_002 : 53 : username---->nandagautami
2026-07-16 21:47:10,481 : INFO : test_Singup_or_createuser_002 : 56 : password---->(m5VVNbvy#
2026-07-16 21:47:10,565 : INFO : test_Singup_or_createuser_002 : 58 : email---->yahvisaxena@example.com
2026-07-16 21:47:10,642 : INFO : test_Singup_or_createuser_002 : 60 : phone---->+911338035894
2026-07-16 21:53:30,483 : INFO : test_Singup_or_createuser_002 : 30 : -----max row--->11------
2026-07-16 21:53:30,483 : INFO : test_Singup_or_createuser_002 : 31 : -----Start VerifyURLAndTitle Test Case 1------
2026-07-16 21:53:30,585 : INFO : test_Singup_or_createuser_002 : 48 : -----Start test_Singup_or_createuser_002 Test Case 2------
2026-07-16 21:53:30,585 : INFO : test_Singup_or_createuser_002 : 49 : URL---->https://apps.credence.in/User.html
2026-07-16 21:53:36,604 : INFO : test_Singup_or_createuser_002 : 53 : username---->tiwarilakshit
2026-07-16 21:53:36,680 : INFO : test_Singup_or_createuser_002 : 56 : password---->EaRU+P7P%3
2026-07-16 21:53:36,767 : INFO : test_Singup_or_createuser_002 : 58 : email---->daveabhimanyu@example.com
2026-07-16 21:53:36,841 : INFO : test_Singup_or_createuser_002 : 60 : phone---->+917268552794
2026-07-16 22:03:24,589 : INFO : test_Singup_or_createuser_002 : 30 : -----max row--->11------
2026-07-16 22:03:24,590 : INFO : test_Singup_or_createuser_002 : 31 : -----Start VerifyURLAndTitle Test Case 1------
2026-07-16 22:04:39,014 : INFO : test_Singup_or_createuser_002 : 30 : -----max row--->11------
2026-07-16 22:04:39,017 : INFO : test_Singup_or_createuser_002 : 31 : -----Start VerifyURLAndTitle Test Case 1------
2026-07-16 22:04:39,581 : INFO : test_Singup_or_createuser_002 : 48 : -----Start test_Singup_or_createuser_002 Test Case 2------
2026-07-16 22:04:39,581 : INFO : test_Singup_or_createuser_002 : 49 : URL---->https://apps.credence.in/User.html
2026-07-16 22:12:20,864 : INFO : test_Singup_or_createuser_002 : 30 : -----max row--->11------
2026-07-16 22:12:20,865 : INFO : test_Singup_or_createuser_002 : 31 : -----Start VerifyURLAndTitle Test Case 1------
2026-07-16 22:12:21,136 : INFO : test_Singup_or_createuser_002 : 48 : -----Start test_Singup_or_createuser_002 Test Case 2------
2026-07-16 22:12:21,137 : INFO : test_Singup_or_createuser_002 : 49 : URL---->https://apps.credence.in/User.html
2026-07-16 22:12:24,615 : INFO : test_Singup_or_createuser_002 : 53 : username---->rauurvashi
2026-07-16 22:12:24,699 : INFO : test_Singup_or_createuser_002 : 56 : password---->$CAYI!h_I6
2026-07-16 22:12:24,788 : INFO : test_Singup_or_createuser_002 : 58 : email---->kadegeorge@example.org
2026-07-16 22:12:24,885 : INFO : test_Singup_or_createuser_002 : 60 : phone---->+916724640257
2026-07-16 22:13:41,870 : INFO : test_Singup_or_createuser_002 : 30 : -----max row--->11------
2026-07-16 22:13:41,871 : INFO : test_Singup_or_createuser_002 : 31 : -----Start VerifyURLAndTitle Test Case 1------
2026-07-16 22:13:42,188 : INFO : test_Singup_or_createuser_002 : 48 : -----Start test_Singup_or_createuser_002 Test Case 2------
2026-07-16 22:13:42,189 : INFO : test_Singup_or_createuser_002 : 49 : URL---->https://apps.credence.in/User.html
2026-07-16 22:13:43,472 : INFO : test_Singup_or_createuser_002 : 53 : username---->vigchandran
2026-07-16 22:13:43,527 : INFO : test_Singup_or_createuser_002 : 56 : password---->$9rMqlu9$D
2026-07-16 22:13:43,586 : INFO : test_Singup_or_createuser_002 : 58 : email---->ojas79@example.org
2026-07-16 22:13:43,649 : INFO : test_Singup_or_createuser_002 : 60 : phone---->9224557594
2026-07-16 22:13:52,765 : INFO : test_Singup_or_createuser_002 : 48 : -----Start test_Singup_or_createuser_002 Test Case 2------
2026-07-16 22:13:52,765 : INFO : test_Singup_or_createuser_002 : 49 : URL---->https://apps.credence.in/User.html
2026-07-16 22:13:53,194 : INFO : test_Singup_or_createuser_002 : 53 : username---->anushapillay
2026-07-16 22:13:53,271 : INFO : test_Singup_or_createuser_002 : 56 : password---->s4*EUjxw$s
2026-07-16 22:13:53,391 : INFO : test_Singup_or_createuser_002 : 58 : email---->avnigandhi@example.net
2026-07-16 22:13:53,475 : INFO : test_Singup_or_createuser_002 : 60 : phone---->+916519365953
2026-07-16 22:14:02,441 : INFO : test_Singup_or_createuser_002 : 48 : -----Start test_Singup_or_createuser_002 Test Case 2------
2026-07-16 22:14:02,441 : INFO : test_Singup_or_createuser_002 : 49 : URL---->https://apps.credence.in/User.html
2026-07-16 22:14:02,928 : INFO : test_Singup_or_createuser_002 : 53 : username---->nmurthy
2026-07-16 22:14:03,004 : INFO : test_Singup_or_createuser_002 : 56 : password---->$n8r(Ne2#m
2026-07-16 22:14:03,080 : INFO : test_Singup_or_createuser_002 : 58 : email---->bsampath@example.com
2026-07-16 22:14:03,167 : INFO : test_Singup_or_createuser_002 : 60 : phone---->+916164809865
2026-07-16 22:14:12,372 : INFO : test_Singup_or_createuser_002 : 48 : -----Start test_Singup_or_createuser_002 Test Case 2------
2026-07-16 22:14:12,372 : INFO : test_Singup_or_createuser_002 : 49 : URL---->https://apps.credence.in/User.html
2026-07-16 22:14:13,434 : INFO : test_Singup_or_createuser_002 : 53 : username---->royosha
2026-07-16 22:14:13,514 : INFO : test_Singup_or_createuser_002 : 56 : password---->_9)!VH_bv2
2026-07-16 22:14:13,602 : INFO : test_Singup_or_createuser_002 : 58 : email---->upma02@example.com
2026-07-16 22:14:13,671 : INFO : test_Singup_or_createuser_002 : 60 : phone---->+912230479189
2026-07-16 22:14:22,776 : INFO : test_Singup_or_createuser_002 : 48 : -----Start test_Singup_or_createuser_002 Test Case 2------
2026-07-16 22:14:22,776 : INFO : test_Singup_or_createuser_002 : 49 : URL---->https://apps.credence.in/User.html
2026-07-16 22:14:23,312 : INFO : test_Singup_or_createuser_002 : 53 : username---->watika94
2026-07-16 22:14:23,398 : INFO : test_Singup_or_createuser_002 : 56 : password---->_@76XPHc2q
2026-07-16 22:14:23,507 : INFO : test_Singup_or_createuser_002 : 58 : email---->borahvedika@example.com
2026-07-16 22:14:23,584 : INFO : test_Singup_or_createuser_002 : 60 : phone---->8447278714
2026-07-16 22:14:33,423 : INFO : test_Singup_or_createuser_002 : 48 : -----Start test_Singup_or_createuser_002 Test Case 2------
2026-07-16 22:14:33,423 : INFO : test_Singup_or_createuser_002 : 49 : URL---->https://apps.credence.in/User.html
2026-07-16 22:14:34,204 : INFO : test_Singup_or_createuser_002 : 53 : username---->oviya23
2026-07-16 22:14:34,287 : INFO : test_Singup_or_createuser_002 : 56 : password---->wtEd6NeN^6
2026-07-16 22:14:34,367 : INFO : test_Singup_or_createuser_002 : 58 : email---->rsarma@example.com
2026-07-16 22:14:34,444 : INFO : test_Singup_or_createuser_002 : 60 : phone---->07273003680
2026-07-16 22:14:43,395 : INFO : test_Singup_or_createuser_002 : 48 : -----Start test_Singup_or_createuser_002 Test Case 2------
2026-07-16 22:14:43,395 : INFO : test_Singup_or_createuser_002 : 49 : URL---->https://apps.credence.in/User.html
2026-07-16 22:14:44,264 : INFO : test_Singup_or_createuser_002 : 53 : username---->beraira
2026-07-16 22:14:44,334 : INFO : test_Singup_or_createuser_002 : 56 : password---->!bvEUXLvI0
2026-07-16 22:14:44,415 : INFO : test_Singup_or_createuser_002 : 58 : email---->gavin12@example.com
2026-07-16 22:14:44,496 : INFO : test_Singup_or_createuser_002 : 60 : phone---->+915362101118
2026-07-16 22:14:53,508 : INFO : test_Singup_or_createuser_002 : 48 : -----Start test_Singup_or_createuser_002 Test Case 2------
2026-07-16 22:14:53,509 : INFO : test_Singup_or_createuser_002 : 49 : URL---->https://apps.credence.in/User.html
2026-07-16 22:14:54,069 : INFO : test_Singup_or_createuser_002 : 53 : username---->ahujaaahana
2026-07-16 22:14:54,154 : INFO : test_Singup_or_createuser_002 : 56 : password---->)8XvF19y$%
2026-07-16 22:14:54,243 : INFO : test_Singup_or_createuser_002 : 58 : email---->yutikamanda@example.org
2026-07-16 22:14:54,328 : INFO : test_Singup_or_createuser_002 : 60 : phone---->01276612781
2026-07-16 22:15:04,083 : INFO : test_Singup_or_createuser_002 : 48 : -----Start test_Singup_or_createuser_002 Test Case 2------
2026-07-16 22:15:04,083 : INFO : test_Singup_or_createuser_002 : 49 : URL---->https://apps.credence.in/User.html
2026-07-16 22:15:04,569 : INFO : test_Singup_or_createuser_002 : 53 : username---->chowdhurykai
2026-07-16 22:15:04,671 : INFO : test_Singup_or_createuser_002 : 56 : password---->v$*5IWu0zC
2026-07-16 22:15:04,760 : INFO : test_Singup_or_createuser_002 : 58 : email---->kramaswamy@example.org
2026-07-16 22:15:04,827 : INFO : test_Singup_or_createuser_002 : 60 : phone---->3591765535
2026-07-16 22:15:14,687 : INFO : test_Singup_or_createuser_002 : 48 : -----Start test_Singup_or_createuser_002 Test Case 2------
2026-07-16 22:15:14,687 : INFO : test_Singup_or_createuser_002 : 49 : URL---->https://apps.credence.in/User.html
2026-07-16 22:15:15,921 : INFO : test_Singup_or_createuser_002 : 53 : username---->yashvi77
2026-07-16 22:15:15,987 : INFO : test_Singup_or_createuser_002 : 56 : password---->t8&C1DZh!n
2026-07-16 22:15:16,084 : INFO : test_Singup_or_createuser_002 : 58 : email---->anitaparmer@example.com
2026-07-16 22:15:16,163 : INFO : test_Singup_or_createuser_002 : 60 : phone---->00120243940
2026-07-16 22:17:17,307 : INFO : test_Singup_or_createuser_002 : 30 : -----max row--->12------
2026-07-16 22:17:17,308 : INFO : test_Singup_or_createuser_002 : 31 : -----Start VerifyURLAndTitle Test Case 1------
2026-07-16 22:17:43,564 : INFO : test_Singup_or_createuser_002 : 30 : -----max row--->11------
2026-07-16 22:17:43,565 : INFO : test_Singup_or_createuser_002 : 31 : -----Start VerifyURLAndTitle Test Case 1------
2026-07-16 22:17:43,799 : INFO : test_Singup_or_createuser_002 : 48 : -----Start test_Singup_or_createuser_002 Test Case 2------
2026-07-16 22:17:43,800 : INFO : test_Singup_or_createuser_002 : 49 : URL---->https://apps.credence.in/User.html
2026-07-16 22:17:45,416 : INFO : test_Singup_or_createuser_002 : 53 : username---->leela84
2026-07-16 22:17:45,480 : INFO : test_Singup_or_createuser_002 : 56 : password---->$Y5LBknL@4
2026-07-16 22:17:45,551 : INFO : test_Singup_or_createuser_002 : 58 : email---->aditya10@example.net
2026-07-16 22:17:45,611 : INFO : test_Singup_or_createuser_002 : 60 : phone---->3152398752
2026-07-16 22:17:54,808 : INFO : test_Singup_or_createuser_002 : 48 : -----Start test_Singup_or_createuser_002 Test Case 2------
2026-07-16 22:17:54,808 : INFO : test_Singup_or_createuser_002 : 49 : URL---->https://apps.credence.in/User.html
2026-07-16 22:17:55,132 : INFO : test_Singup_or_createuser_002 : 53 : username---->hemang85
2026-07-16 22:17:55,219 : INFO : test_Singup_or_createuser_002 : 56 : password---->^Ll1Zx3sbH
2026-07-16 22:17:55,295 : INFO : test_Singup_or_createuser_002 : 58 : email---->lsharma@example.org
2026-07-16 22:17:55,370 : INFO : test_Singup_or_createuser_002 : 60 : phone---->+914336004372
2026-07-16 22:18:04,437 : INFO : test_Singup_or_createuser_002 : 48 : -----Start test_Singup_or_createuser_002 Test Case 2------
2026-07-16 22:18:04,437 : INFO : test_Singup_or_createuser_002 : 49 : URL---->https://apps.credence.in/User.html
2026-07-16 22:18:04,860 : INFO : test_Singup_or_createuser_002 : 53 : username---->mekhala90
2026-07-16 22:18:04,940 : INFO : test_Singup_or_createuser_002 : 56 : password---->t!+9mKcGrr
2026-07-16 22:18:05,023 : INFO : test_Singup_or_createuser_002 : 58 : email---->aahana39@example.net
2026-07-16 22:18:05,103 : INFO : test_Singup_or_createuser_002 : 60 : phone---->+915614163883
2026-07-16 22:18:16,384 : INFO : test_Singup_or_createuser_002 : 48 : -----Start test_Singup_or_createuser_002 Test Case 2------
2026-07-16 22:18:16,384 : INFO : test_Singup_or_createuser_002 : 49 : URL---->https://apps.credence.in/User.html
2026-07-16 22:18:17,760 : INFO : test_Singup_or_createuser_002 : 53 : username---->arunima52
2026-07-16 22:18:17,828 : INFO : test_Singup_or_createuser_002 : 56 : password---->6(z4yR#D0w
2026-07-16 22:18:17,897 : INFO : test_Singup_or_createuser_002 : 58 : email---->osha62@example.org
2026-07-16 22:18:17,966 : INFO : test_Singup_or_createuser_002 : 60 : phone---->4154037306
2026-07-16 22:18:26,947 : INFO : test_Singup_or_createuser_002 : 48 : -----Start test_Singup_or_createuser_002 Test Case 2------
2026-07-16 22:18:26,948 : INFO : test_Singup_or_createuser_002 : 49 : URL---->https://apps.credence.in/User.html
2026-07-16 22:18:27,303 : INFO : test_Singup_or_createuser_002 : 53 : username---->ravelbaghyawati
2026-07-16 22:18:27,399 : INFO : test_Singup_or_createuser_002 : 56 : password---->3H1YIDUm&d
2026-07-16 22:18:27,479 : INFO : test_Singup_or_createuser_002 : 58 : email---->lucky63@example.net
2026-07-16 22:18:27,567 : INFO : test_Singup_or_createuser_002 : 60 : phone---->+913115104747
2026-07-16 22:18:37,603 : INFO : test_Singup_or_createuser_002 : 48 : -----Start test_Singup_or_createuser_002 Test Case 2------
2026-07-16 22:18:37,603 : INFO : test_Singup_or_createuser_002 : 49 : URL---->https://apps.credence.in/User.html
2026-07-16 22:18:38,102 : INFO : test_Singup_or_createuser_002 : 53 : username---->routamrita
2026-07-16 22:18:38,184 : INFO : test_Singup_or_createuser_002 : 56 : password---->)8bAD^v&tJ
2026-07-16 22:18:38,268 : INFO : test_Singup_or_createuser_002 : 58 : email---->qadimrattan@example.com
2026-07-16 22:18:38,352 : INFO : test_Singup_or_createuser_002 : 60 : phone---->+914292249588
2026-07-16 22:18:47,237 : INFO : test_Singup_or_createuser_002 : 48 : -----Start test_Singup_or_createuser_002 Test Case 2------
2026-07-16 22:18:47,237 : INFO : test_Singup_or_createuser_002 : 49 : URL---->https://apps.credence.in/User.html
2026-07-16 22:18:47,678 : INFO : test_Singup_or_createuser_002 : 53 : username---->jack88
2026-07-16 22:18:47,749 : INFO : test_Singup_or_createuser_002 : 56 : password---->%rQMzCcKq3
2026-07-16 22:18:47,835 : INFO : test_Singup_or_createuser_002 : 58 : email---->nigamishita@example.net
2026-07-16 22:18:47,927 : INFO : test_Singup_or_createuser_002 : 60 : phone---->7886298818
2026-07-16 22:18:57,150 : INFO : test_Singup_or_createuser_002 : 48 : -----Start test_Singup_or_createuser_002 Test Case 2------
2026-07-16 22:18:57,150 : INFO : test_Singup_or_createuser_002 : 49 : URL---->https://apps.credence.in/User.html
2026-07-16 22:18:57,538 : INFO : test_Singup_or_createuser_002 : 53 : username---->chaudharisarthak
2026-07-16 22:18:57,621 : INFO : test_Singup_or_createuser_002 : 56 : password---->rF+5P0gK6V
2026-07-16 22:18:57,715 : INFO : test_Singup_or_createuser_002 : 58 : email---->balasubramanianqasim@example.net
2026-07-16 22:18:57,791 : INFO : test_Singup_or_createuser_002 : 60 : phone---->5905850158
2026-07-16 22:19:06,670 : INFO : test_Singup_or_createuser_002 : 48 : -----Start test_Singup_or_createuser_002 Test Case 2------
2026-07-16 22:19:06,671 : INFO : test_Singup_or_createuser_002 : 49 : URL---->https://apps.credence.in/User.html
2026-07-16 22:19:12,751 : INFO : test_Singup_or_createuser_002 : 53 : username---->ogera
2026-07-16 22:19:12,835 : INFO : test_Singup_or_createuser_002 : 56 : password---->O^1J&UTpdg
2026-07-16 22:19:12,925 : INFO : test_Singup_or_createuser_002 : 58 : email---->gourbahadurjit@example.com
2026-07-16 22:19:12,998 : INFO : test_Singup_or_createuser_002 : 60 : phone---->+911562889665
2026-07-16 22:19:38,328 : INFO : test_Singup_or_createuser_002 : 48 : -----Start test_Singup_or_createuser_002 Test Case 2------
2026-07-16 22:19:38,328 : INFO : test_Singup_or_createuser_002 : 49 : URL---->https://apps.credence.in/User.html
2026-07-16 22:19:39,283 : INFO : test_Singup_or_createuser_002 : 53 : username---->fbera
2026-07-16 22:19:39,373 : INFO : test_Singup_or_createuser_002 : 56 : password---->2a42aV0e$M
2026-07-16 22:19:39,451 : INFO : test_Singup_or_createuser_002 : 58 : email---->ladli48@example.org
2026-07-16 22:19:39,538 : INFO : test_Singup_or_createuser_002 : 60 : phone---->05152294714
2026-07-16 22:21:04,265 : INFO : test_Singup_or_createuser_002 : 30 : -----max row--->11------
2026-07-16 22:21:04,266 : INFO : test_Singup_or_createuser_002 : 31 : -----Start VerifyURLAndTitle Test Case 1------
2026-07-16 22:21:04,547 : INFO : test_Singup_or_createuser_002 : 48 : -----Start test_Singup_or_createuser_002 Test Case 2------
2026-07-16 22:21:04,547 : INFO : test_Singup_or_createuser_002 : 49 : URL---->https://apps.credence.in/User.html
2026-07-16 22:21:05,911 : INFO : test_Singup_or_createuser_002 : 53 : username---->waglenilima
2026-07-16 22:21:05,965 : INFO : test_Singup_or_createuser_002 : 56 : password---->(PDzP_sfK7
2026-07-16 22:21:06,033 : INFO : test_Singup_or_createuser_002 : 58 : email---->surabarkha@example.com
2026-07-16 22:21:06,108 : INFO : test_Singup_or_createuser_002 : 60 : phone---->+916371640050
2026-07-16 22:21:16,172 : INFO : test_Singup_or_createuser_002 : 48 : -----Start test_Singup_or_createuser_002 Test Case 2------
2026-07-16 22:21:16,172 : INFO : test_Singup_or_createuser_002 : 49 : URL---->https://apps.credence.in/User.html
2026-07-16 22:21:16,548 : INFO : test_Singup_or_createuser_002 : 53 : username---->dbail
2026-07-16 22:21:16,612 : INFO : test_Singup_or_createuser_002 : 56 : password---->@2bBntDjQ4
2026-07-16 22:21:16,681 : INFO : test_Singup_or_createuser_002 : 58 : email---->mannranveer@example.org
2026-07-16 22:21:16,741 : INFO : test_Singup_or_createuser_002 : 60 : phone---->02509565628
2026-07-16 22:21:25,569 : INFO : test_Singup_or_createuser_002 : 48 : -----Start test_Singup_or_createuser_002 Test Case 2------
2026-07-16 22:21:25,569 : INFO : test_Singup_or_createuser_002 : 49 : URL---->https://apps.credence.in/User.html
2026-07-16 22:21:25,962 : INFO : test_Singup_or_createuser_002 : 53 : username---->yashasvishenoy
2026-07-16 22:21:26,021 : INFO : test_Singup_or_createuser_002 : 56 : password---->##ADvC7_&9
2026-07-16 22:21:26,076 : INFO : test_Singup_or_createuser_002 : 58 : email---->pallaeta@example.org
2026-07-16 22:21:26,131 : INFO : test_Singup_or_createuser_002 : 60 : phone---->+917677181566
2026-07-16 22:21:43,610 : INFO : test_Singup_or_createuser_002 : 48 : -----Start test_Singup_or_createuser_002 Test Case 2------
2026-07-16 22:21:43,610 : INFO : test_Singup_or_createuser_002 : 49 : URL---->https://apps.credence.in/User.html
2026-07-16 22:21:45,351 : INFO : test_Singup_or_createuser_002 : 53 : username---->nitesh14
2026-07-16 22:21:45,432 : INFO : test_Singup_or_createuser_002 : 56 : password---->MFVk4x_t)0
2026-07-16 22:21:45,531 : INFO : test_Singup_or_createuser_002 : 58 : email---->urishilla76@example.net
2026-07-16 22:21:45,613 : INFO : test_Singup_or_createuser_002 : 60 : phone---->00078535750
2026-07-16 22:21:55,096 : INFO : test_Singup_or_createuser_002 : 48 : -----Start test_Singup_or_createuser_002 Test Case 2------
2026-07-16 22:21:55,096 : INFO : test_Singup_or_createuser_002 : 49 : URL---->https://apps.credence.in/User.html
2026-07-16 22:21:55,640 : INFO : test_Singup_or_createuser_002 : 53 : username---->geraryan
2026-07-16 22:21:55,705 : INFO : test_Singup_or_createuser_002 : 56 : password---->&Y1NT!Ei)*
2026-07-16 22:21:55,816 : INFO : test_Singup_or_createuser_002 : 58 : email---->chakradharkurian@example.com
2026-07-16 22:21:55,878 : INFO : test_Singup_or_createuser_002 : 60 : phone---->6969718021
2026-07-16 22:22:04,753 : INFO : test_Singup_or_createuser_002 : 48 : -----Start test_Singup_or_createuser_002 Test Case 2------
2026-07-16 22:22:04,753 : INFO : test_Singup_or_createuser_002 : 49 : URL---->https://apps.credence.in/User.html
2026-07-16 22:22:05,631 : INFO : test_Singup_or_createuser_002 : 53 : username---->menonqushi
2026-07-16 22:22:05,713 : INFO : test_Singup_or_createuser_002 : 56 : password---->MF2RZww4p+
2026-07-16 22:22:05,788 : INFO : test_Singup_or_createuser_002 : 58 : email---->xkeer@example.com
2026-07-16 22:22:05,890 : INFO : test_Singup_or_createuser_002 : 60 : phone---->00030495396
2026-07-16 22:22:18,330 : INFO : test_Singup_or_createuser_002 : 48 : -----Start test_Singup_or_createuser_002 Test Case 2------
2026-07-16 22:22:18,330 : INFO : test_Singup_or_createuser_002 : 49 : URL---->https://apps.credence.in/User.html
2026-07-16 22:22:20,402 : INFO : test_Singup_or_createuser_002 : 53 : username---->tanveer19
2026-07-16 22:22:20,498 : INFO : test_Singup_or_createuser_002 : 56 : password---->6)TKqCbi+b
2026-07-16 22:22:20,584 : INFO : test_Singup_or_createuser_002 : 58 : email---->mpatla@example.net
2026-07-16 22:22:20,671 : INFO : test_Singup_or_createuser_002 : 60 : phone---->03797336250
2026-07-16 22:22:29,712 : INFO : test_Singup_or_createuser_002 : 48 : -----Start test_Singup_or_createuser_002 Test Case 2------
2026-07-16 22:22:29,712 : INFO : test_Singup_or_createuser_002 : 49 : URL---->https://apps.credence.in/User.html
2026-07-16 22:22:30,037 : INFO : test_Singup_or_createuser_002 : 53 : username---->duabalhaar
2026-07-16 22:22:30,122 : INFO : test_Singup_or_createuser_002 : 56 : password---->O692Xtk3(q
2026-07-16 22:22:30,209 : INFO : test_Singup_or_createuser_002 : 58 : email---->zaidpurohit@example.org
2026-07-16 22:22:30,276 : INFO : test_Singup_or_createuser_002 : 60 : phone---->9259081927
2026-07-16 22:22:39,117 : INFO : test_Singup_or_createuser_002 : 48 : -----Start test_Singup_or_createuser_002 Test Case 2------
2026-07-16 22:22:39,118 : INFO : test_Singup_or_createuser_002 : 49 : URL---->https://apps.credence.in/User.html
2026-07-16 22:22:41,467 : INFO : test_Singup_or_createuser_002 : 53 : username---->jhalak30
2026-07-16 22:22:41,550 : INFO : test_Singup_or_createuser_002 : 56 : password---->$5IOW#vq7k
2026-07-16 22:22:41,626 : INFO : test_Singup_or_createuser_002 : 58 : email---->qarin76@example.com
2026-07-16 22:22:41,703 : INFO : test_Singup_or_createuser_002 : 60 : phone---->04102100718
2026-07-16 22:22:50,686 : INFO : test_Singup_or_createuser_002 : 48 : -----Start test_Singup_or_createuser_002 Test Case 2------
2026-07-16 22:22:50,687 : INFO : test_Singup_or_createuser_002 : 49 : URL---->https://apps.credence.in/User.html
2026-07-16 22:22:51,063 : INFO : test_Singup_or_createuser_002 : 53 : username---->wagleishaan
2026-07-16 22:22:51,128 : INFO : test_Singup_or_createuser_002 : 56 : password---->AwQ+KNJy^3
2026-07-16 22:22:51,198 : INFO : test_Singup_or_createuser_002 : 58 : email---->lilareddy@example.org
2026-07-16 22:22:51,288 : INFO : test_Singup_or_createuser_002 : 60 : phone---->+914297324937
2026-07-17 06:52:06,235 : INFO : test_Singup_or_createuser_002 : 30 : -----max row--->6------
2026-07-17 06:52:06,239 : INFO : test_Singup_or_createuser_002 : 31 : -----Start VerifyURLAndTitle Test Case 1------
2026-07-17 06:52:06,515 : INFO : test_Singup_or_createuser_002 : 48 : -----Start test_Singup_or_createuser_002 Test Case 2------
2026-07-17 06:52:06,516 : INFO : test_Singup_or_createuser_002 : 49 : URL---->https://apps.credence.in/User.html
2026-07-17 06:52:08,257 : INFO : test_Singup_or_createuser_002 : 53 : username---->tanveernagi
2026-07-17 06:52:08,298 : INFO : test_Singup_or_createuser_002 : 56 : password---->Dg&26zOkj3
2026-07-17 06:52:08,347 : INFO : test_Singup_or_createuser_002 : 58 : email---->kandariya@example.org
2026-07-17 06:52:08,388 : INFO : test_Singup_or_createuser_002 : 60 : phone---->7409698672
2026-07-17 06:52:09,711 : INFO : test_Singup_or_createuser_002 : 48 : -----Start test_Singup_or_createuser_002 Test Case 2------
2026-07-17 06:52:09,712 : INFO : test_Singup_or_createuser_002 : 49 : URL---->https://apps.credence.in/User.html
2026-07-17 06:52:09,977 : INFO : test_Singup_or_createuser_002 : 53 : username---->mahajanekalinga
2026-07-17 06:52:10,016 : INFO : test_Singup_or_createuser_002 : 56 : password---->jse2Vx!l*C
2026-07-17 06:52:10,057 : INFO : test_Singup_or_createuser_002 : 58 : email---->omnikita@example.org
2026-07-17 06:52:10,099 : INFO : test_Singup_or_createuser_002 : 60 : phone---->+918730180055
2026-07-17 06:52:11,081 : INFO : test_Singup_or_createuser_002 : 48 : -----Start test_Singup_or_createuser_002 Test Case 2------
2026-07-17 06:52:11,082 : INFO : test_Singup_or_createuser_002 : 49 : URL---->https://apps.credence.in/User.html
2026-07-17 06:52:11,347 : INFO : test_Singup_or_createuser_002 : 53 : username---->kwali
2026-07-17 06:52:11,407 : INFO : test_Singup_or_createuser_002 : 56 : password---->jOTGpzSr_8
2026-07-17 06:52:11,457 : INFO : test_Singup_or_createuser_002 : 58 : email---->mohini20@example.com
2026-07-17 06:52:11,501 : INFO : test_Singup_or_createuser_002 : 60 : phone---->+917738817290
2026-07-17 06:52:12,282 : INFO : test_Singup_or_createuser_002 : 48 : -----Start test_Singup_or_createuser_002 Test Case 2------
2026-07-17 06:52:12,282 : INFO : test_Singup_or_createuser_002 : 49 : URL---->https://apps.credence.in/User.html
2026-07-17 06:52:12,563 : INFO : test_Singup_or_createuser_002 : 53 : username---->morevamakshi
2026-07-17 06:52:12,591 : INFO : test_Singup_or_createuser_002 : 56 : password---->hen13QQqR_
2026-07-17 06:52:12,625 : INFO : test_Singup_or_createuser_002 : 58 : email---->yratti@example.com
2026-07-17 06:52:12,664 : INFO : test_Singup_or_createuser_002 : 60 : phone---->00079383602
2026-07-17 06:52:13,512 : INFO : test_Singup_or_createuser_002 : 48 : -----Start test_Singup_or_createuser_002 Test Case 2------
2026-07-17 06:52:13,512 : INFO : test_Singup_or_createuser_002 : 49 : URL---->https://apps.credence.in/User.html
2026-07-17 06:52:13,995 : INFO : test_Singup_or_createuser_002 : 53 : username---->usaran
2026-07-17 06:52:14,035 : INFO : test_Singup_or_createuser_002 : 56 : password---->h7IF(D6q_m
2026-07-17 06:52:14,079 : INFO : test_Singup_or_createuser_002 : 58 : email---->jonathangarde@example.org
2026-07-17 06:52:14,123 : INFO : test_Singup_or_createuser_002 : 60 : phone---->6000747512
2026-07-17 07:42:38,532 : INFO : test_loginpage_ddt_003 : 79 : -----max row--->5------
2026-07-17 07:42:38,533 : INFO : test_loginpage_ddt_003 : 80 : -----Start loginpage_ddt Test Case 1------
2026-07-17 07:42:40,430 : INFO : test_loginpage_ddt_003 : 86 : URL---->https://apps.credence.in/login.html
2026-07-17 07:44:33,236 : INFO : test_loginpage_ddt_003 : 79 : -----max row--->5------
2026-07-17 07:44:33,237 : INFO : test_loginpage_ddt_003 : 80 : -----Start loginpage_ddt Test Case 1------
2026-07-17 07:44:35,055 : INFO : test_loginpage_ddt_003 : 86 : URL---->https://apps.credence.in/login.html
2026-07-17 07:45:36,915 : INFO : test_loginpage_ddt_003 : 79 : -----max row--->5------
2026-07-17 07:45:36,915 : INFO : test_loginpage_ddt_003 : 80 : -----Start loginpage_ddt Test Case 1------
2026-07-17 07:45:38,288 : INFO : test_loginpage_ddt_003 : 86 : URL---->https://apps.credence.in/login.html
2026-07-17 07:48:34,913 : INFO : test_loginpage_ddt_003 : 79 : -----max row--->5------
2026-07-17 07:48:34,913 : INFO : test_loginpage_ddt_003 : 80 : -----Start loginpage_ddt Test Case 1------
2026-07-17 07:48:36,772 : INFO : test_loginpage_ddt_003 : 86 : URL---->https://apps.credence.in/login.html
2026-07-17 07:48:38,109 : INFO : test_loginpage_ddt_003 : 91 : bank_app_login_page Title-->Dashboard
2026-07-17 07:49:06,780 : INFO : test_loginpage_ddt_003 : 79 : -----max row--->5------
2026-07-17 07:49:06,780 : INFO : test_loginpage_ddt_003 : 80 : -----Start loginpage_ddt Test Case 1------
2026-07-17 07:49:08,302 : INFO : test_loginpage_ddt_003 : 86 : URL---->https://apps.credence.in/login.html
2026-07-17 07:49:08,481 : INFO : test_loginpage_ddt_003 : 91 : bank_app_login_page Title-->Login
2026-07-17 07:49:09,766 : INFO : test_loginpage_ddt_003 : 86 : URL---->https://apps.credence.in/login.html
2026-07-17 07:49:10,375 : INFO : test_loginpage_ddt_003 : 91 : bank_app_login_page Title-->Login
2026-07-17 07:49:10,680 : INFO : test_loginpage_ddt_003 : 86 : URL---->https://apps.credence.in/login.html
2026-07-17 07:49:11,299 : INFO : test_loginpage_ddt_003 : 91 : bank_app_login_page Title-->Login
2026-07-17 07:49:11,586 : INFO : test_loginpage_ddt_003 : 86 : URL---->https://apps.credence.in/login.html
2026-07-17 07:49:12,221 : INFO : test_loginpage_ddt_003 : 91 : bank_app_login_page Title-->Login
2026-07-17 07:49:55,145 : INFO : test_loginpage_ddt_003 : 79 : -----max row--->5------
2026-07-17 07:49:55,146 : INFO : test_loginpage_ddt_003 : 80 : -----Start loginpage_ddt Test Case 1------
2026-07-17 07:49:56,533 : INFO : test_loginpage_ddt_003 : 86 : URL---->https://apps.credence.in/login.html
2026-07-17 07:49:58,096 : INFO : test_loginpage_ddt_003 : 91 : bank_app_login_page Title-->Dashboard
2026-07-17 07:49:59,002 : INFO : test_loginpage_ddt_003 : 86 : URL---->https://apps.credence.in/login.html
2026-07-17 07:49:59,630 : INFO : test_loginpage_ddt_003 : 91 : bank_app_login_page Title-->Login
2026-07-17 07:49:59,924 : INFO : test_loginpage_ddt_003 : 86 : URL---->https://apps.credence.in/login.html
2026-07-17 07:50:00,555 : INFO : test_loginpage_ddt_003 : 91 : bank_app_login_page Title-->Login
2026-07-17 07:50:00,854 : INFO : test_loginpage_ddt_003 : 86 : URL---->https://apps.credence.in/login.html
2026-07-17 07:50:01,473 : INFO : test_loginpage_ddt_003 : 91 : bank_app_login_page Title-->Login
2026-07-17 07:53:03,205 : INFO : test_loginpage_ddt_003 : 79 : -----max row--->5------
2026-07-17 07:53:03,206 : INFO : test_loginpage_ddt_003 : 80 : -----Start loginpage_ddt Test Case 1------
2026-07-17 07:53:05,067 : INFO : test_loginpage_ddt_003 : 86 : URL---->https://apps.credence.in/login.html
2026-07-17 07:53:05,256 : INFO : test_loginpage_ddt_003 : 91 : bank_app_login_page Title-->Login
2026-07-17 07:53:06,809 : INFO : test_loginpage_ddt_003 : 86 : URL---->https://apps.credence.in/login.html
2026-07-17 07:53:07,431 : INFO : test_loginpage_ddt_003 : 91 : bank_app_login_page Title-->Login
2026-07-17 07:53:07,835 : INFO : test_loginpage_ddt_003 : 86 : URL---->https://apps.credence.in/login.html
2026-07-17 07:53:08,549 : INFO : test_loginpage_ddt_003 : 91 : bank_app_login_page Title-->Login
2026-07-17 07:53:08,860 : INFO : test_loginpage_ddt_003 : 86 : URL---->https://apps.credence.in/login.html
2026-07-17 07:53:09,348 : INFO : test_loginpage_ddt_003 : 91 : bank_app_login_page Title-->Login
2026-07-17 07:54:08,623 : INFO : test_loginpage_ddt_003 : 79 : -----max row--->5------
2026-07-17 07:54:08,623 : INFO : test_loginpage_ddt_003 : 80 : -----Start loginpage_ddt Test Case 1------
2026-07-17 07:54:10,169 : INFO : test_loginpage_ddt_003 : 86 : URL---->https://apps.credence.in/login.html
2026-07-17 07:54:11,437 : INFO : test_loginpage_ddt_003 : 91 : bank_app_login_page Title-->Dashboard
2026-07-17 07:54:12,349 : INFO : test_loginpage_ddt_003 : 86 : URL---->https://apps.credence.in/login.html
2026-07-17 07:54:13,073 : INFO : test_loginpage_ddt_003 : 91 : bank_app_login_page Title-->Login
2026-07-17 07:54:13,486 : INFO : test_loginpage_ddt_003 : 86 : URL---->https://apps.credence.in/login.html
2026-07-17 07:54:14,195 : INFO : test_loginpage_ddt_003 : 91 : bank_app_login_page Title-->Login
2026-07-17 07:54:14,607 : INFO : test_loginpage_ddt_003 : 86 : URL---->https://apps.credence.in/login.html
2026-07-17 07:54:15,222 : INFO : test_loginpage_ddt_003 : 91 : bank_app_login_page Title-->Login
2026-07-18 22:31:01,194 : INFO : test_customer_management_004 : 107 : ------Starting  customer_management 004 test case------------
2026-07-18 22:31:04,402 : INFO : test_customer_management_004 : 111 : URL---->https://apps.credence.in/login.html
2026-07-18 22:31:04,402 : INFO : test_customer_management_004 : 113 : username-->usaran
2026-07-18 22:31:04,487 : INFO : test_customer_management_004 : 115 : password-->P@ssw0rd123
2026-07-18 22:31:05,737 : INFO : test_customer_management_004 : 118 : bank_app_login_page Title-->Dashboard
2026-07-18 22:31:30,578 : INFO : test_customer_management_004 : 107 : ------Starting  customer_management 004 test case------------
2026-07-18 22:31:32,150 : INFO : test_customer_management_004 : 111 : URL---->https://apps.credence.in/login.html
2026-07-18 22:31:32,150 : INFO : test_customer_management_004 : 113 : username-->usaran
2026-07-18 22:31:32,217 : INFO : test_customer_management_004 : 115 : password-->P@ssw0rd123
2026-07-18 22:31:33,366 : INFO : test_customer_management_004 : 118 : bank_app_login_page Title-->Dashboard
2026-07-18 22:31:33,712 : INFO : test_customer_management_004 : 120 : bank_app_login_page Title-->Customer Management
2026-07-18 22:31:57,945 : INFO : test_customer_management_004 : 107 : ------Starting  customer_management 004 test case------------
2026-07-18 22:31:59,494 : INFO : test_customer_management_004 : 111 : URL---->https://apps.credence.in/login.html
2026-07-18 22:31:59,494 : INFO : test_customer_management_004 : 113 : username-->usaran
2026-07-18 22:31:59,585 : INFO : test_customer_management_004 : 115 : password-->P@ssw0rd123
2026-07-18 22:32:00,912 : INFO : test_customer_management_004 : 118 : bank_app_login_page Title-->Dashboard
2026-07-18 22:32:01,362 : INFO : test_customer_management_004 : 120 : bank_app_login_page Title-->Customer Management
2026-07-18 22:36:04,310 : INFO : test_customer_management_004 : 108 : ------Starting  customer_management 004 test case------------
2026-07-18 22:36:07,432 : INFO : test_customer_management_004 : 112 : URL---->https://apps.credence.in/login.html
2026-07-18 22:36:07,433 : INFO : test_customer_management_004 : 114 : username-->usaran
2026-07-18 22:36:07,549 : INFO : test_customer_management_004 : 116 : password-->P@ssw0rd123
2026-07-18 22:37:34,404 : INFO : test_customer_management_004 : 108 : ------Starting  customer_management 004 test case------------
2026-07-18 22:37:35,992 : INFO : test_customer_management_004 : 112 : URL---->https://apps.credence.in/login.html
2026-07-18 22:37:35,992 : INFO : test_customer_management_004 : 114 : username-->usaran
2026-07-18 22:37:36,057 : INFO : test_customer_management_004 : 116 : password-->P@ssw0rd123
2026-07-18 22:37:38,770 : INFO : test_customer_management_004 : 119 : bank_app_login_page Title-->Dashboard
2026-07-18 22:37:39,239 : INFO : test_customer_management_004 : 121 : bank_app_login_page Title-->Customer Management
2026-07-18 23:11:48,815 : INFO : test_customer_management_004 : 110 : ------Starting  customer_management 004 test case------------
2026-07-18 23:11:50,768 : INFO : test_customer_management_004 : 114 : URL---->https://apps.credence.in/login.html
2026-07-18 23:11:50,768 : INFO : test_customer_management_004 : 116 : username-->usaran
2026-07-18 23:11:50,885 : INFO : test_customer_management_004 : 118 : password-->P@ssw0rd123
2026-07-18 23:11:52,818 : INFO : test_customer_management_004 : 121 : bank_app_login_page Title-->Dashboard
2026-07-18 23:11:53,246 : INFO : test_customer_management_004 : 123 : bank_app_login_page Title-->Customer Management
2026-07-18 23:11:53,639 : INFO : test_customer_management_004 : 126 : bank_app_login_page Title-->Create Customer
2026-07-18 23:11:53,658 : INFO : test_customer_management_004 : 129 : max rows--->11
2026-07-18 23:13:58,562 : INFO : test_customer_management_004 : 110 : ------Starting  customer_management 004 test case------------
2026-07-18 23:14:00,418 : INFO : test_customer_management_004 : 114 : URL---->https://apps.credence.in/login.html
2026-07-18 23:14:00,419 : INFO : test_customer_management_004 : 116 : username-->usaran
2026-07-18 23:14:00,535 : INFO : test_customer_management_004 : 118 : password-->P@ssw0rd123
2026-07-18 23:14:01,868 : INFO : test_customer_management_004 : 121 : bank_app_login_page Title-->Dashboard
2026-07-18 23:14:02,276 : INFO : test_customer_management_004 : 123 : bank_app_login_page Title-->Customer Management
2026-07-18 23:14:02,680 : INFO : test_customer_management_004 : 126 : bank_app_login_page Title-->Create Customer
2026-07-18 23:14:02,695 : INFO : test_customer_management_004 : 129 : max rows--->11
2026-07-21 07:16:44,376 : INFO : test_account_mangement_005 : 152 : 
------Starting  account_mangement 005 test case------------
2026-07-21 07:16:46,113 : INFO : test_account_mangement_005 : 156 : URL---->https://apps.credence.in/login.html
2026-07-21 07:18:57,746 : INFO : test_account_mangement_005 : 152 : 
------Starting  account_mangement 005 test case------------
2026-07-21 07:18:59,415 : INFO : test_account_mangement_005 : 156 : URL---->https://apps.credence.in/login.html
2026-07-21 07:19:57,088 : INFO : test_account_mangement_005 : 152 : 
------Starting  account_mangement 005 test case------------
2026-07-21 07:19:58,524 : INFO : test_account_mangement_005 : 156 : URL---->https://apps.credence.in/login.html
2026-07-21 07:20:00,502 : INFO : test_account_mangement_005 : 164 : 
--max_row----1
2026-07-21 07:23:03,815 : INFO : test_account_mangement_005 : 152 : 
------Starting  account_mangement 005 test case------------
2026-07-21 07:23:05,585 : INFO : test_account_mangement_005 : 156 : URL---->https://apps.credence.in/login.html
2026-07-21 07:23:07,562 : INFO : test_account_mangement_005 : 164 : 
--max_row----10
2026-07-21 10:51:31,578 : INFO : test_account_mangement_005 : 152 : 
------Starting  account_mangement 005 test case------------
2026-07-21 10:51:33,700 : INFO : test_account_mangement_005 : 156 : URL---->https://apps.credence.in/login.html
2026-07-21 10:53:46,267 : INFO : test_account_mangement_005 : 152 : 
------Starting  account_mangement 005 test case------------
2026-07-21 10:53:47,848 : INFO : test_account_mangement_005 : 156 : URL---->https://apps.credence.in/login.html
2026-07-21 10:54:46,897 : INFO : test_account_mangement_005 : 152 : 
------Starting  account_mangement 005 test case------------
2026-07-21 10:54:48,461 : INFO : test_account_mangement_005 : 156 : URL---->https://apps.credence.in/login.html
2026-07-21 10:56:31,486 : INFO : test_account_mangement_005 : 152 : 
------Starting  account_mangement 005 test case------------
2026-07-21 10:56:33,523 : INFO : test_account_mangement_005 : 156 : URL---->https://apps.credence.in/login.html
2026-07-21 14:41:08,891 : INFO : test_account_mangement_005 : 153 : 
------Starting  account_mangement 005 test case------------
2026-07-21 14:41:11,176 : INFO : test_account_mangement_005 : 157 : URL---->https://apps.credence.in/login.html
2026-07-21 14:41:35,124 : INFO : test_view_fund_transfers : 167 : 
------Starting  test_view_fund_transfers test case------------
2026-07-21 14:41:36,433 : INFO : test_view_fund_transfers : 171 : URL---->https://apps.credence.in/login.html
2026-07-21 14:42:56,212 : INFO : test_view_fund_transfers : 167 : 
------Starting  test_view_fund_transfers test case------------
2026-07-21 14:42:57,868 : INFO : test_view_fund_transfers : 171 : URL---->https://apps.credence.in/login.html
2026-07-21 14:44:59,599 : INFO : test_view_fund_transfers : 167 : 
------Starting  test_view_fund_transfers test case------------
2026-07-21 14:45:01,236 : INFO : test_view_fund_transfers : 171 : URL---->https://apps.credence.in/login.html
2026-07-21 19:42:41,320 : INFO : test_view_fund_transfers : 167 : 
------Starting  test_view_fund_transfers test case------------
2026-07-21 19:43:30,695 : INFO : test_view_fund_transfers : 171 : URL---->https://apps.credence.in/login.html
2026-07-21 19:46:44,469 : INFO : test_view_fund_transfers : 167 : 
------Starting  test_view_fund_transfers test case------------
2026-07-21 19:48:07,098 : INFO : test_view_fund_transfers : 171 : URL---->https://apps.credence.in/login.html
2026-07-21 20:23:38,644 : INFO : test_view_fund_transfers : 167 : 
------Starting  test_view_fund_transfers test case------------
2026-07-21 20:23:40,315 : INFO : test_view_fund_transfers : 171 : URL---->https://apps.credence.in/login.html
2026-07-21 20:24:58,319 : INFO : test_view_fund_transfers : 167 : 
------Starting  test_view_fund_transfers test case------------
2026-07-21 20:25:00,534 : INFO : test_view_fund_transfers : 171 : URL---->https://apps.credence.in/login.html
2026-07-21 20:28:44,961 : INFO : test_view_fund_transfers : 167 : 
------Starting  test_view_fund_transfers test case------------
2026-07-21 20:28:47,059 : INFO : test_view_fund_transfers : 171 : URL---->https://apps.credence.in/login.html
2026-07-21 20:29:04,681 : INFO : test_view_fund_transfers : 167 : 
------Starting  test_view_fund_transfers test case------------
2026-07-21 20:29:04,937 : INFO : test_view_fund_transfers : 171 : URL---->https://apps.credence.in/login.html
2026-07-21 20:29:23,370 : INFO : test_view_fund_transfers : 167 : 
------Starting  test_view_fund_transfers test case------------
2026-07-21 20:29:25,198 : INFO : test_view_fund_transfers : 171 : URL---->https://apps.credence.in/login.html
2026-07-22 07:04:03,059 : INFO : test_view_fund_transfers_006 : 167 : 
------Starting  test_view_fund_transfers test case------------
2026-07-22 07:04:04,586 : INFO : test_view_fund_transfers_006 : 171 : URL---->https://apps.credence.in/login.html
2026-07-22 07:05:04,594 : INFO : test_view_fund_transfers_006 : 167 : 
------Starting  test_view_fund_transfers test case------------
2026-07-22 07:05:05,820 : INFO : test_view_fund_transfers_006 : 171 : URL---->https://apps.credence.in/login.html
2026-07-22 07:10:19,219 : INFO : test_view_fund_transfers_006 : 167 : 
------Starting  test_view_fund_transfers test case------------
2026-07-22 07:10:20,757 : INFO : test_view_fund_transfers_006 : 171 : URL---->https://apps.credence.in/login.html
2026-07-22 07:10:39,796 : INFO : test_view_fund_transfers_006 : 167 : 
------Starting  test_view_fund_transfers test case------------
2026-07-22 07:10:40,906 : INFO : test_view_fund_transfers_006 : 171 : URL---->https://apps.credence.in/login.html
2026-07-22 08:45:12,618 : INFO : test_bill_payment_007 : 182 : 
------Starting  test_view_fund_transfers test case------------
2026-07-22 08:45:14,317 : INFO : test_bill_payment_007 : 186 : URL---->https://apps.credence.in/login.html
2026-07-22 08:46:41,383 : INFO : test_bill_payment_007 : 182 : 
------Starting  test_view_fund_transfers test case------------
2026-07-22 08:46:43,104 : INFO : test_bill_payment_007 : 186 : URL---->https://apps.credence.in/login.html
2026-07-22 08:47:09,923 : INFO : test_bill_payment_007 : 182 : 
------Starting  test_view_fund_transfers test case------------
2026-07-22 08:47:11,269 : INFO : test_bill_payment_007 : 186 : URL---->https://apps.credence.in/login.html
2026-07-22 08:48:44,090 : INFO : test_bill_payment_007 : 182 : 
------Starting  test_view_fund_transfers test case------------
2026-07-22 08:48:45,890 : INFO : test_bill_payment_007 : 186 : URL---->https://apps.credence.in/login.html
2026-07-22 08:49:54,127 : INFO : test_bill_payment_007 : 182 : 
------Starting  test_view_fund_transfers test case------------
2026-07-22 08:49:55,541 : INFO : test_bill_payment_007 : 186 : URL---->https://apps.credence.in/login.html
2026-07-22 08:49:57,810 : INFO : test_bill_payment_007 : 197 : 
------Bill payment created successfully------------
2026-07-22 19:55:29,014 : INFO : test_VerifyURLAndTitle_001 : 31 : -----Start VerifyURLAndTitle Test Case 1------
2026-07-22 19:55:31,089 : INFO : test_VerifyURLAndTitle_001 : 33 : URL---->https://apps.credence.in/
2026-07-22 19:55:31,103 : INFO : test_VerifyURLAndTitle_001 : 34 : TITLE---->Bank Application
2026-07-22 19:55:31,228 : INFO : test_Singup_or_createuser_002 : 39 : -----max row--->6------
2026-07-22 19:55:31,230 : INFO : test_Singup_or_createuser_002 : 40 : -----Start VerifyURLAndTitle Test Case 1------
2026-07-22 19:55:33,171 : INFO : test_Singup_or_createuser_002 : 57 : -----Start test_Singup_or_createuser_002 Test Case 2------
2026-07-22 19:55:33,172 : INFO : test_Singup_or_createuser_002 : 58 : URL---->https://apps.credence.in/User.html
2026-07-22 19:55:34,158 : INFO : test_Singup_or_createuser_002 : 62 : username---->jagdish70
2026-07-22 19:55:34,447 : INFO : test_Singup_or_createuser_002 : 65 : password---->P@ssw0rd123
2026-07-22 19:55:34,662 : INFO : test_Singup_or_createuser_002 : 67 : email---->yprabhu@example.net
2026-07-22 19:55:35,333 : INFO : test_Singup_or_createuser_002 : 69 : phone---->4649631106
2026-07-22 19:55:37,546 : INFO : test_Singup_or_createuser_002 : 57 : -----Start test_Singup_or_createuser_002 Test Case 2------
2026-07-22 19:55:37,547 : INFO : test_Singup_or_createuser_002 : 58 : URL---->https://apps.credence.in/User.html
2026-07-22 19:55:38,015 : INFO : test_Singup_or_createuser_002 : 62 : username---->matthewsaha
2026-07-22 19:55:38,162 : INFO : test_Singup_or_createuser_002 : 65 : password---->P@ssw0rd123
2026-07-22 19:55:38,311 : INFO : test_Singup_or_createuser_002 : 67 : email---->jdesai@example.com
2026-07-22 19:55:38,424 : INFO : test_Singup_or_createuser_002 : 69 : phone---->+912660133930
2026-07-22 19:55:39,885 : INFO : test_Singup_or_createuser_002 : 57 : -----Start test_Singup_or_createuser_002 Test Case 2------
2026-07-22 19:55:39,886 : INFO : test_Singup_or_createuser_002 : 58 : URL---->https://apps.credence.in/User.html
2026-07-22 19:55:40,245 : INFO : test_Singup_or_createuser_002 : 62 : username---->ekantika33
2026-07-22 19:55:40,367 : INFO : test_Singup_or_createuser_002 : 65 : password---->P@ssw0rd123
2026-07-22 19:55:40,504 : INFO : test_Singup_or_createuser_002 : 67 : email---->sakshamkaur@example.net
2026-07-22 19:55:40,631 : INFO : test_Singup_or_createuser_002 : 69 : phone---->5205216538
2026-07-22 19:55:41,821 : INFO : test_Singup_or_createuser_002 : 57 : -----Start test_Singup_or_createuser_002 Test Case 2------
2026-07-22 19:55:41,822 : INFO : test_Singup_or_createuser_002 : 58 : URL---->https://apps.credence.in/User.html
2026-07-22 19:55:42,132 : INFO : test_Singup_or_createuser_002 : 62 : username---->sinhaumang
2026-07-22 19:55:42,216 : INFO : test_Singup_or_createuser_002 : 65 : password---->P@ssw0rd123
2026-07-22 19:55:42,298 : INFO : test_Singup_or_createuser_002 : 67 : email---->ubanerjee@example.com
2026-07-22 19:55:42,374 : INFO : test_Singup_or_createuser_002 : 69 : phone---->0138384397
2026-07-22 19:55:44,058 : INFO : test_Singup_or_createuser_002 : 57 : -----Start test_Singup_or_createuser_002 Test Case 2------
2026-07-22 19:55:44,059 : INFO : test_Singup_or_createuser_002 : 58 : URL---->https://apps.credence.in/User.html
2026-07-22 19:55:44,827 : INFO : test_Singup_or_createuser_002 : 62 : username---->zaid77
2026-07-22 19:55:45,404 : INFO : test_Singup_or_createuser_002 : 65 : password---->P@ssw0rd123
2026-07-22 19:55:46,047 : INFO : test_Singup_or_createuser_002 : 67 : email---->chakrabortykavya@example.net
2026-07-22 19:55:46,573 : INFO : test_Singup_or_createuser_002 : 69 : phone---->6473140353
2026-07-22 19:55:49,052 : INFO : test_loginpage_ddt_003 : 85 : -----max row--->5------
2026-07-22 19:55:49,053 : INFO : test_loginpage_ddt_003 : 86 : -----Start loginpage_ddt Test Case 1------
2026-07-22 19:55:49,425 : INFO : test_loginpage_ddt_003 : 92 : URL---->https://apps.credence.in/login.html
2026-07-22 19:55:51,399 : INFO : test_loginpage_ddt_003 : 97 : bank_app_login_page Title-->Dashboard
2026-07-22 19:55:53,003 : INFO : test_loginpage_ddt_003 : 92 : URL---->https://apps.credence.in/login.html
2026-07-22 19:55:53,639 : INFO : test_loginpage_ddt_003 : 97 : bank_app_login_page Title-->Login
2026-07-22 19:55:53,992 : INFO : test_loginpage_ddt_003 : 92 : URL---->https://apps.credence.in/login.html
2026-07-22 19:55:54,589 : INFO : test_loginpage_ddt_003 : 97 : bank_app_login_page Title-->Login
2026-07-22 19:55:54,934 : INFO : test_loginpage_ddt_003 : 92 : URL---->https://apps.credence.in/login.html
2026-07-22 19:55:55,577 : INFO : test_loginpage_ddt_003 : 97 : bank_app_login_page Title-->Login
2026-07-22 19:55:55,645 : INFO : test_customer_management_004 : 113 : ------Starting  customer_management 004 test case------------
2026-07-22 19:55:56,354 : INFO : test_customer_management_004 : 117 : URL---->https://apps.credence.in/login.html
2026-07-22 19:55:56,355 : INFO : test_customer_management_004 : 119 : username-->usaran
2026-07-22 19:55:56,424 : INFO : test_customer_management_004 : 121 : password-->P@ssw0rd123
2026-07-22 19:55:57,203 : INFO : test_customer_management_004 : 124 : bank_app_login_page Title-->Dashboard
2026-07-22 19:55:57,686 : INFO : test_customer_management_004 : 126 : bank_app_login_page Title-->Customer Management
2026-07-22 19:55:58,089 : INFO : test_customer_management_004 : 129 : bank_app_login_page Title-->Create Customer
2026-07-22 19:55:58,107 : INFO : test_customer_management_004 : 132 : max rows--->11
2026-07-22 19:56:22,815 : INFO : test_account_mangement_005 : 154 : 
------Starting  account_mangement 005 test case------------
2026-07-22 19:56:23,121 : INFO : test_account_mangement_005 : 158 : URL---->https://apps.credence.in/login.html
2026-07-22 19:56:30,459 : INFO : test_view_fund_transfers_006 : 168 : 
------Starting  test_view_fund_transfers test case------------
2026-07-22 19:56:30,695 : INFO : test_view_fund_transfers_006 : 172 : URL---->https://apps.credence.in/login.html
2026-07-22 19:56:36,979 : INFO : test_bill_payment_007 : 182 : 
------Starting  test_view_fund_transfers test case------------
2026-07-22 19:56:37,261 : INFO : test_bill_payment_007 : 186 : URL---->https://apps.credence.in/login.html
2026-07-22 19:56:40,001 : INFO : test_bill_payment_007 : 197 : 
------Bill payment created successfully------------
2026-07-22 19:58:16,245 : INFO : test_VerifyURLAndTitle_001 : 31 : -----Start VerifyURLAndTitle Test Case 1------
2026-07-22 19:58:18,029 : INFO : test_VerifyURLAndTitle_001 : 33 : URL---->https://apps.credence.in/
2026-07-22 19:58:18,044 : INFO : test_VerifyURLAndTitle_001 : 34 : TITLE---->Bank Application
2026-07-22 19:58:18,128 : INFO : test_Singup_or_createuser_002 : 39 : -----max row--->6------
2026-07-22 19:58:18,129 : INFO : test_Singup_or_createuser_002 : 40 : -----Start VerifyURLAndTitle Test Case 1------
2026-07-22 19:58:18,978 : INFO : test_Singup_or_createuser_002 : 57 : -----Start test_Singup_or_createuser_002 Test Case 2------
2026-07-22 19:58:18,978 : INFO : test_Singup_or_createuser_002 : 58 : URL---->https://apps.credence.in/User.html
2026-07-22 19:58:19,440 : INFO : test_Singup_or_createuser_002 : 62 : username---->jagdishjohal
2026-07-22 19:58:19,585 : INFO : test_Singup_or_createuser_002 : 65 : password---->P@ssw0rd123
2026-07-22 19:58:19,739 : INFO : test_Singup_or_createuser_002 : 67 : email---->mannanrohan@example.net
2026-07-22 19:58:19,868 : INFO : test_Singup_or_createuser_002 : 69 : phone---->02754207874
2026-07-22 19:58:22,028 : INFO : test_Singup_or_createuser_002 : 57 : -----Start test_Singup_or_createuser_002 Test Case 2------
2026-07-22 19:58:22,033 : INFO : test_Singup_or_createuser_002 : 58 : URL---->https://apps.credence.in/User.html
2026-07-22 19:58:22,555 : INFO : test_Singup_or_createuser_002 : 62 : username---->dhaliwalekapad
2026-07-22 19:58:22,686 : INFO : test_Singup_or_createuser_002 : 65 : password---->P@ssw0rd123
2026-07-22 19:58:22,805 : INFO : test_Singup_or_createuser_002 : 67 : email---->garaojasvi@example.com
2026-07-22 19:58:22,893 : INFO : test_Singup_or_createuser_002 : 69 : phone---->09110838005
2026-07-22 19:58:25,833 : INFO : test_Singup_or_createuser_002 : 57 : -----Start test_Singup_or_createuser_002 Test Case 2------
2026-07-22 19:58:25,833 : INFO : test_Singup_or_createuser_002 : 58 : URL---->https://apps.credence.in/User.html
2026-07-22 19:58:26,187 : INFO : test_Singup_or_createuser_002 : 62 : username---->advikapant
2026-07-22 19:58:26,262 : INFO : test_Singup_or_createuser_002 : 65 : password---->P@ssw0rd123
2026-07-22 19:58:26,346 : INFO : test_Singup_or_createuser_002 : 67 : email---->tkrishnamurthy@example.net
2026-07-22 19:58:26,428 : INFO : test_Singup_or_createuser_002 : 69 : phone---->05174585018
2026-07-22 19:58:27,509 : INFO : test_Singup_or_createuser_002 : 57 : -----Start test_Singup_or_createuser_002 Test Case 2------
2026-07-22 19:58:27,509 : INFO : test_Singup_or_createuser_002 : 58 : URL---->https://apps.credence.in/User.html
2026-07-22 19:58:27,833 : INFO : test_Singup_or_createuser_002 : 62 : username---->vdash
2026-07-22 19:58:27,906 : INFO : test_Singup_or_createuser_002 : 65 : password---->P@ssw0rd123
2026-07-22 19:58:27,980 : INFO : test_Singup_or_createuser_002 : 67 : email---->maanavrajan@example.net
2026-07-22 19:58:28,064 : INFO : test_Singup_or_createuser_002 : 69 : phone---->5201088826
2026-07-22 19:58:29,038 : INFO : test_Singup_or_createuser_002 : 57 : -----Start test_Singup_or_createuser_002 Test Case 2------
2026-07-22 19:58:29,038 : INFO : test_Singup_or_createuser_002 : 58 : URL---->https://apps.credence.in/User.html
2026-07-22 19:58:29,368 : INFO : test_Singup_or_createuser_002 : 62 : username---->nigamjacob
2026-07-22 19:58:29,442 : INFO : test_Singup_or_createuser_002 : 65 : password---->P@ssw0rd123
2026-07-22 19:58:29,517 : INFO : test_Singup_or_createuser_002 : 67 : email---->gopal30@example.org
2026-07-22 19:58:29,596 : INFO : test_Singup_or_createuser_002 : 69 : phone---->00446066143
2026-07-22 19:58:30,536 : INFO : test_loginpage_ddt_003 : 85 : -----max row--->5------
2026-07-22 19:58:30,536 : INFO : test_loginpage_ddt_003 : 86 : -----Start loginpage_ddt Test Case 1------
2026-07-22 19:58:30,833 : INFO : test_loginpage_ddt_003 : 92 : URL---->https://apps.credence.in/login.html
2026-07-22 19:58:32,158 : INFO : test_loginpage_ddt_003 : 97 : bank_app_login_page Title-->Dashboard
2026-07-22 19:58:33,184 : INFO : test_loginpage_ddt_003 : 92 : URL---->https://apps.credence.in/login.html
2026-07-22 19:58:34,016 : INFO : test_loginpage_ddt_003 : 97 : bank_app_login_page Title-->Login
2026-07-22 19:58:34,519 : INFO : test_loginpage_ddt_003 : 92 : URL---->https://apps.credence.in/login.html
2026-07-22 19:58:35,240 : INFO : test_loginpage_ddt_003 : 97 : bank_app_login_page Title-->Login
2026-07-22 19:58:35,526 : INFO : test_loginpage_ddt_003 : 92 : URL---->https://apps.credence.in/login.html
2026-07-22 19:58:36,144 : INFO : test_loginpage_ddt_003 : 97 : bank_app_login_page Title-->Login
2026-07-22 19:58:36,182 : INFO : test_customer_management_004 : 113 : ------Starting  customer_management 004 test case------------
2026-07-22 19:58:36,447 : INFO : test_customer_management_004 : 117 : URL---->https://apps.credence.in/login.html
2026-07-22 19:58:36,447 : INFO : test_customer_management_004 : 119 : username-->usaran
2026-07-22 19:58:36,517 : INFO : test_customer_management_004 : 121 : password-->P@ssw0rd123
2026-07-22 19:58:37,277 : INFO : test_customer_management_004 : 124 : bank_app_login_page Title-->Dashboard
2026-07-22 19:58:37,703 : INFO : test_customer_management_004 : 126 : bank_app_login_page Title-->Customer Management
2026-07-22 19:58:38,116 : INFO : test_customer_management_004 : 129 : bank_app_login_page Title-->Create Customer
2026-07-22 19:58:38,131 : INFO : test_customer_management_004 : 132 : max rows--->11
2026-07-22 19:58:58,919 : INFO : test_account_mangement_005 : 154 : 
------Starting  account_mangement 005 test case------------
2026-07-22 19:58:59,183 : INFO : test_account_mangement_005 : 158 : URL---->https://apps.credence.in/login.html
2026-07-22 19:59:05,752 : INFO : test_view_fund_transfers_006 : 168 : 
------Starting  test_view_fund_transfers test case------------
2026-07-22 19:59:06,563 : INFO : test_view_fund_transfers_006 : 172 : URL---->https://apps.credence.in/login.html
2026-07-22 19:59:15,931 : INFO : test_bill_payment_007 : 182 : 
------Starting  test_view_fund_transfers test case------------
2026-07-22 19:59:16,413 : INFO : test_bill_payment_007 : 186 : URL---->https://apps.credence.in/login.html
2026-07-22 19:59:21,661 : INFO : test_bill_payment_007 : 197 : 
------Bill payment created successfully------------
2026-07-22 20:13:44,892 : WARNING : _process_logs : 163 : The chromedriver version (148.0.7778.178) detected in PATH at C:\Users\visha\AppData\Local\Programs\Python\Python314\Scripts\chromedriver.exe might not be compatible with the detected chrome version (150.0.7871.130); currently, chromedriver 150.0.7871.124 is recommended for chrome 150.*, so it is advised to delete the driver in PATH and retry
2026-07-22 20:14:04,248 : INFO : test_VerifyURLAndTitle_001 : 31 : -----Start VerifyURLAndTitle Test Case 1------
2026-07-22 20:14:05,862 : INFO : test_VerifyURLAndTitle_001 : 33 : URL---->https://apps.credence.in/
2026-07-22 20:14:05,874 : INFO : test_VerifyURLAndTitle_001 : 34 : TITLE---->Bank Application
2026-07-22 20:14:05,942 : INFO : test_Singup_or_createuser_002 : 39 : -----max row--->6------
2026-07-22 20:14:05,943 : INFO : test_Singup_or_createuser_002 : 40 : -----Start VerifyURLAndTitle Test Case 1------
2026-07-22 20:14:06,608 : INFO : test_Singup_or_createuser_002 : 57 : -----Start test_Singup_or_createuser_002 Test Case 2------
2026-07-22 20:14:06,608 : INFO : test_Singup_or_createuser_002 : 58 : URL---->https://apps.credence.in/User.html
2026-07-22 20:14:07,060 : INFO : test_Singup_or_createuser_002 : 62 : username---->ramabina
2026-07-22 20:14:07,239 : INFO : test_Singup_or_createuser_002 : 65 : password---->P@ssw0rd123
2026-07-22 20:14:07,404 : INFO : test_Singup_or_createuser_002 : 67 : email---->memonrudra@example.net
2026-07-22 20:14:07,542 : INFO : test_Singup_or_createuser_002 : 69 : phone---->0609716440
2026-07-22 20:14:09,355 : INFO : test_Singup_or_createuser_002 : 57 : -----Start test_Singup_or_createuser_002 Test Case 2------
2026-07-22 20:14:09,355 : INFO : test_Singup_or_createuser_002 : 58 : URL---->https://apps.credence.in/User.html
2026-07-22 20:14:10,013 : INFO : test_Singup_or_createuser_002 : 62 : username---->croy
2026-07-22 20:14:10,200 : INFO : test_Singup_or_createuser_002 : 65 : password---->P@ssw0rd123
2026-07-22 20:14:10,331 : INFO : test_Singup_or_createuser_002 : 67 : email---->tlal@example.net
2026-07-22 20:14:10,469 : INFO : test_Singup_or_createuser_002 : 69 : phone---->+919396950932
2026-07-22 20:14:11,737 : INFO : test_Singup_or_createuser_002 : 57 : -----Start test_Singup_or_createuser_002 Test Case 2------
2026-07-22 20:14:11,738 : INFO : test_Singup_or_createuser_002 : 58 : URL---->https://apps.credence.in/User.html
2026-07-22 20:14:12,144 : INFO : test_Singup_or_createuser_002 : 62 : username---->qbasu
2026-07-22 20:14:12,287 : INFO : test_Singup_or_createuser_002 : 65 : password---->P@ssw0rd123
2026-07-22 20:14:12,445 : INFO : test_Singup_or_createuser_002 : 67 : email---->nazarethurishilla@example.net
2026-07-22 20:14:12,599 : INFO : test_Singup_or_createuser_002 : 69 : phone---->2431384956
2026-07-22 20:14:13,752 : INFO : test_Singup_or_createuser_002 : 57 : -----Start test_Singup_or_createuser_002 Test Case 2------
2026-07-22 20:14:13,752 : INFO : test_Singup_or_createuser_002 : 58 : URL---->https://apps.credence.in/User.html
2026-07-22 20:14:14,153 : INFO : test_Singup_or_createuser_002 : 62 : username---->fitansen
2026-07-22 20:14:14,290 : INFO : test_Singup_or_createuser_002 : 65 : password---->P@ssw0rd123
2026-07-22 20:14:14,447 : INFO : test_Singup_or_createuser_002 : 67 : email---->waidaraju@example.org
2026-07-22 20:14:14,576 : INFO : test_Singup_or_createuser_002 : 69 : phone---->+915446160040
2026-07-22 20:14:15,721 : INFO : test_Singup_or_createuser_002 : 57 : -----Start test_Singup_or_createuser_002 Test Case 2------
2026-07-22 20:14:15,721 : INFO : test_Singup_or_createuser_002 : 58 : URL---->https://apps.credence.in/User.html
2026-07-22 20:14:16,109 : INFO : test_Singup_or_createuser_002 : 62 : username---->gaurisinha
2026-07-22 20:14:16,259 : INFO : test_Singup_or_createuser_002 : 65 : password---->P@ssw0rd123
2026-07-22 20:14:16,416 : INFO : test_Singup_or_createuser_002 : 67 : email---->zarna76@example.net
2026-07-22 20:14:16,530 : INFO : test_Singup_or_createuser_002 : 69 : phone---->2903312564
2026-07-22 20:14:17,601 : INFO : test_loginpage_ddt_003 : 85 : -----max row--->5------
2026-07-22 20:14:17,605 : INFO : test_loginpage_ddt_003 : 86 : -----Start loginpage_ddt Test Case 1------
2026-07-22 20:14:17,913 : INFO : test_loginpage_ddt_003 : 92 : URL---->https://apps.credence.in/login.html
2026-07-22 20:14:19,358 : INFO : test_loginpage_ddt_003 : 97 : bank_app_login_page Title-->Dashboard
2026-07-22 20:14:22,059 : INFO : test_loginpage_ddt_003 : 92 : URL---->https://apps.credence.in/login.html
2026-07-22 20:14:22,958 : INFO : test_loginpage_ddt_003 : 97 : bank_app_login_page Title-->Login
2026-07-22 20:14:23,418 : INFO : test_loginpage_ddt_003 : 92 : URL---->https://apps.credence.in/login.html
2026-07-22 20:14:24,165 : INFO : test_loginpage_ddt_003 : 97 : bank_app_login_page Title-->Login
2026-07-22 20:14:24,606 : INFO : test_loginpage_ddt_003 : 92 : URL---->https://apps.credence.in/login.html
2026-07-22 20:14:25,441 : INFO : test_loginpage_ddt_003 : 97 : bank_app_login_page Title-->Login
2026-07-22 20:14:25,575 : INFO : test_customer_management_004 : 113 : ------Starting  customer_management 004 test case------------
2026-07-22 20:14:25,867 : INFO : test_customer_management_004 : 117 : URL---->https://apps.credence.in/login.html
2026-07-22 20:14:25,868 : INFO : test_customer_management_004 : 119 : username-->usaran
2026-07-22 20:14:25,997 : INFO : test_customer_management_004 : 121 : password-->P@ssw0rd123
2026-07-22 20:14:26,771 : INFO : test_customer_management_004 : 124 : bank_app_login_page Title-->Dashboard
2026-07-22 20:14:27,234 : INFO : test_customer_management_004 : 126 : bank_app_login_page Title-->Customer Management
2026-07-22 20:14:27,669 : INFO : test_customer_management_004 : 129 : bank_app_login_page Title-->Create Customer
2026-07-22 20:14:27,705 : INFO : test_customer_management_004 : 132 : max rows--->11
2026-07-22 20:14:48,155 : INFO : test_account_mangement_005 : 154 : 
------Starting  account_mangement 005 test case------------
2026-07-22 20:14:48,729 : INFO : test_account_mangement_005 : 158 : URL---->https://apps.credence.in/login.html
2026-07-22 20:14:52,976 : INFO : test_view_fund_transfers_006 : 168 : 
------Starting  test_view_fund_transfers test case------------
2026-07-22 20:14:53,476 : INFO : test_view_fund_transfers_006 : 172 : URL---->https://apps.credence.in/login.html
2026-07-22 20:14:59,013 : INFO : test_bill_payment_007 : 182 : 
------Starting  test_view_fund_transfers test case------------
2026-07-22 20:14:59,339 : INFO : test_bill_payment_007 : 186 : URL---->https://apps.credence.in/login.html
2026-07-22 20:15:02,341 : INFO : test_bill_payment_007 : 197 : 
------Bill payment created successfully------------
2026-07-22 20:32:27,123 : INFO : test_transaction_history_008 : 202 : 
------Starting  test_transaction_history_008 test case------------
2026-07-22 20:32:28,908 : INFO : test_transaction_history_008 : 206 : URL---->https://apps.credence.in/login.html
2026-07-22 20:32:28,914 : INFO : test_transaction_history_008 : 207 : TITLE---->Login
2026-07-22 20:33:59,036 : INFO : test_transaction_history_008 : 202 : 
------Starting  test_transaction_history_008 test case------------
2026-07-22 20:34:01,183 : INFO : test_transaction_history_008 : 206 : URL---->https://apps.credence.in/login.html
2026-07-22 20:34:01,195 : INFO : test_transaction_history_008 : 207 : TITLE---->Login
2026-07-22 20:35:03,590 : INFO : test_transaction_history_008 : 202 : 
------Starting  test_transaction_history_008 test case------------
2026-07-22 20:35:04,823 : INFO : test_transaction_history_008 : 206 : URL---->https://apps.credence.in/login.html
2026-07-22 20:35:04,839 : INFO : test_transaction_history_008 : 207 : TITLE---->Login
2026-07-22 20:36:47,746 : INFO : test_transaction_history_008 : 202 : 
------Starting  test_transaction_history_008 test case------------
2026-07-22 20:36:49,296 : INFO : test_transaction_history_008 : 206 : URL---->https://apps.credence.in/login.html
2026-07-22 20:36:49,308 : INFO : test_transaction_history_008 : 207 : TITLE---->Login
2026-07-22 20:37:31,632 : INFO : test_transaction_history_008 : 202 : 
------Starting  test_transaction_history_008 test case------------
2026-07-22 20:37:33,005 : INFO : test_transaction_history_008 : 206 : URL---->https://apps.credence.in/login.html
2026-07-22 20:37:33,009 : INFO : test_transaction_history_008 : 207 : TITLE---->Login
2026-07-22 20:38:19,767 : INFO : test_transaction_history_008 : 202 : 
------Starting  test_transaction_history_008 test case------------
2026-07-22 20:38:21,048 : INFO : test_transaction_history_008 : 206 : URL---->https://apps.credence.in/login.html
2026-07-22 20:38:21,054 : INFO : test_transaction_history_008 : 207 : TITLE---->Login
2026-07-22 20:39:32,418 : INFO : test_transaction_history_008 : 202 : 
------Starting  test_transaction_history_008 test case------------
2026-07-22 20:39:33,615 : INFO : test_transaction_history_008 : 206 : URL---->https://apps.credence.in/login.html
2026-07-22 20:39:33,623 : INFO : test_transaction_history_008 : 207 : TITLE---->Login
2026-07-22 20:43:47,538 : INFO : test_transaction_history_008 : 202 : 
------Starting  test_transaction_history_008 test case------------
2026-07-22 20:43:49,215 : INFO : test_transaction_history_008 : 206 : URL---->https://apps.credence.in/login.html
2026-07-22 20:43:49,224 : INFO : test_transaction_history_008 : 207 : TITLE---->Login
2026-07-22 20:44:39,132 : INFO : test_transaction_history_008 : 202 : 
------Starting  test_transaction_history_008 test case------------
2026-07-22 20:44:40,836 : INFO : test_transaction_history_008 : 206 : URL---->https://apps.credence.in/login.html
2026-07-22 20:44:40,843 : INFO : test_transaction_history_008 : 207 : TITLE---->Login
2026-07-22 20:44:42,145 : INFO : test_transaction_history_008 : 214 : TITLE---->Dashboard
2026-07-22 20:45:27,678 : INFO : test_transaction_history_008 : 202 : 
------Starting  test_transaction_history_008 test case------------
2026-07-22 20:45:28,961 : INFO : test_transaction_history_008 : 206 : URL---->https://apps.credence.in/login.html
2026-07-22 20:45:28,970 : INFO : test_transaction_history_008 : 207 : TITLE---->Login
2026-07-22 20:45:30,129 : INFO : test_transaction_history_008 : 214 : TITLE---->Dashboard
2026-07-22 20:46:50,780 : INFO : test_transaction_history_008 : 202 : 
------Starting  test_transaction_history_008 test case------------
2026-07-22 20:46:52,296 : INFO : test_transaction_history_008 : 206 : URL---->https://apps.credence.in/login.html
2026-07-22 20:46:52,305 : INFO : test_transaction_history_008 : 207 : TITLE---->Login
2026-07-22 20:46:52,429 : INFO : test_transaction_history_008 : 214 : TITLE---->Login
2026-07-22 20:47:39,236 : INFO : test_transaction_history_008 : 202 : 
------Starting  test_transaction_history_008 test case------------
2026-07-22 20:47:40,357 : INFO : test_transaction_history_008 : 206 : URL---->https://apps.credence.in/login.html
2026-07-22 20:47:40,362 : INFO : test_transaction_history_008 : 207 : TITLE---->Login
2026-07-22 20:47:40,487 : INFO : test_transaction_history_008 : 214 : TITLE---->Login
2026-07-22 20:48:40,510 : INFO : test_transaction_history_008 : 202 : 
------Starting  test_transaction_history_008 test case------------
2026-07-22 20:48:41,950 : INFO : test_transaction_history_008 : 206 : URL---->https://apps.credence.in/login.html
2026-07-22 20:48:41,953 : INFO : test_transaction_history_008 : 207 : TITLE---->Login
2026-07-22 20:48:42,910 : INFO : test_transaction_history_008 : 214 : TITLE---->Login
2026-07-22 21:36:45,993 : INFO : test_customer_support_009 : 224 : 
------Starting  test_transaction_history_008 test case------------
2026-07-22 21:36:48,367 : INFO : test_customer_support_009 : 228 : URL---->https://apps.credence.in/login.html
2026-07-22 21:36:48,373 : INFO : test_customer_support_009 : 229 : TITLE---->Login
2026-07-22 21:36:48,538 : INFO : test_customer_support_009 : 234 : TITLE---->Login
2026-07-22 21:37:47,316 : INFO : test_customer_support_009 : 224 : 
------Starting  test_transaction_history_008 test case------------
2026-07-22 21:37:54,013 : INFO : test_customer_support_009 : 228 : URL---->https://apps.credence.in/login.html
2026-07-22 21:37:54,020 : INFO : test_customer_support_009 : 229 : TITLE---->Login
2026-07-22 21:38:08,442 : INFO : test_customer_support_009 : 234 : TITLE---->Dashboard
2026-07-22 21:40:51,689 : INFO : test_customer_support_009 : 224 : 
------Starting  test_transaction_history_008 test case------------
2026-07-22 21:40:54,226 : INFO : test_customer_support_009 : 228 : URL---->https://apps.credence.in/login.html
2026-07-22 21:40:54,232 : INFO : test_customer_support_009 : 229 : TITLE---->Login
2026-07-22 21:40:55,411 : INFO : test_customer_support_009 : 234 : TITLE---->Dashboard
2026-07-22 21:41:58,771 : INFO : test_customer_support_009 : 224 : 
------Starting  test_transaction_history_008 test case------------
2026-07-22 21:42:01,072 : INFO : test_customer_support_009 : 228 : URL---->https://apps.credence.in/login.html
2026-07-22 21:42:01,078 : INFO : test_customer_support_009 : 229 : TITLE---->Login
2026-07-22 21:42:02,368 : INFO : test_customer_support_009 : 234 : TITLE---->Login
2026-07-22 21:44:17,405 : INFO : test_customer_support_009 : 224 : 
------Starting  test_transaction_history_008 test case------------
2026-07-22 21:44:19,539 : INFO : test_customer_support_009 : 228 : URL---->https://apps.credence.in/login.html
2026-07-22 21:44:19,544 : INFO : test_customer_support_009 : 229 : TITLE---->Login
2026-07-22 21:44:19,653 : INFO : test_customer_support_009 : 234 : TITLE---->Login
2026-07-22 21:47:28,912 : WARNING : _process_logs : 163 : The chromedriver version (148.0.7778.178) detected in PATH at C:\Users\visha\AppData\Local\Programs\Python\Python314\Scripts\chromedriver.exe might not be compatible with the detected chrome version (150.0.7871.130); currently, chromedriver 150.0.7871.124 is recommended for chrome 150.*, so it is advised to delete the driver in PATH and retry
2026-07-22 21:47:39,255 : WARNING : _process_logs : 163 : The chromedriver version (148.0.7778.178) detected in PATH at C:\Users\visha\AppData\Local\Programs\Python\Python314\Scripts\chromedriver.exe might not be compatible with the detected chrome version (150.0.7871.130); currently, chromedriver 150.0.7871.124 is recommended for chrome 150.*, so it is advised to delete the driver in PATH and retry
2026-07-22 21:47:45,078 : WARNING : _process_logs : 163 : The chromedriver version (148.0.7778.178) detected in PATH at C:\Users\visha\AppData\Local\Programs\Python\Python314\Scripts\chromedriver.exe might not be compatible with the detected chrome version (150.0.7871.130); currently, chromedriver 150.0.7871.124 is recommended for chrome 150.*, so it is advised to delete the driver in PATH and retry
2026-07-22 21:48:06,776 : INFO : test_customer_support_009 : 224 : 
------Starting  test_transaction_history_008 test case------------
2026-07-22 21:48:08,678 : INFO : test_customer_support_009 : 228 : URL---->https://apps.credence.in/login.html
2026-07-22 21:48:08,683 : INFO : test_customer_support_009 : 229 : TITLE---->Login
2026-07-22 21:48:10,168 : INFO : test_customer_support_009 : 234 : TITLE---->Dashboard
2026-07-22 21:49:47,144 : INFO : test_customer_support_009 : 224 : 
------Starting  test_transaction_history_008 test case------------
2026-07-22 21:49:48,902 : INFO : test_customer_support_009 : 228 : URL---->https://apps.credence.in/login.html
2026-07-22 21:49:48,909 : INFO : test_customer_support_009 : 229 : TITLE---->Login
2026-07-22 21:49:49,933 : INFO : test_customer_support_009 : 234 : TITLE---->Dashboard
2026-07-22 21:57:55,461 : WARNING : _process_logs : 163 : The chromedriver version (148.0.7778.178) detected in PATH at C:\Users\visha\AppData\Local\Programs\Python\Python314\Scripts\chromedriver.exe might not be compatible with the detected chrome version (150.0.7871.130); currently, chromedriver 150.0.7871.124 is recommended for chrome 150.*, so it is advised to delete the driver in PATH and retry
2026-07-22 21:58:11,334 : INFO : test_customer_support_009 : 224 : 
------Starting  test_transaction_history_008 test case------------
2026-07-22 21:58:13,778 : INFO : test_customer_support_009 : 228 : URL---->https://apps.credence.in/login.html
2026-07-22 21:58:13,792 : INFO : test_customer_support_009 : 229 : TITLE---->Login
2026-07-22 21:58:15,149 : INFO : test_customer_support_009 : 234 : TITLE---->Dashboard
2026-07-22 22:00:07,930 : INFO : test_customer_support_009 : 224 : 
------Starting  test_transaction_history_008 test case------------
2026-07-22 22:00:10,644 : INFO : test_customer_support_009 : 228 : URL---->https://apps.credence.in/login.html
2026-07-22 22:00:10,661 : INFO : test_customer_support_009 : 229 : TITLE---->Login
2026-07-22 22:00:13,033 : INFO : test_customer_support_009 : 234 : TITLE---->Dashboard
2026-07-22 22:02:29,775 : INFO : test_customer_support_009 : 224 : 
------Starting  test_transaction_history_008 test case------------
2026-07-22 22:02:31,827 : INFO : test_customer_support_009 : 228 : URL---->https://apps.credence.in/login.html
2026-07-22 22:02:31,838 : INFO : test_customer_support_009 : 229 : TITLE---->Login
2026-07-22 22:02:33,377 : INFO : test_customer_support_009 : 234 : TITLE---->Dashboard
2026-07-22 22:05:11,950 : INFO : test_customer_support_009 : 224 : 
------Starting  test_transaction_history_008 test case------------
2026-07-22 22:05:14,470 : INFO : test_customer_support_009 : 228 : URL---->https://apps.credence.in/login.html
2026-07-22 22:05:14,480 : INFO : test_customer_support_009 : 229 : TITLE---->Login
2026-07-22 22:05:15,917 : INFO : test_customer_support_009 : 234 : TITLE---->Dashboard
